[
  {
    "login": "bdarnell",
    "id": 160562,
    "avatar_url": "https://secure.gravatar.com/avatar/5947d19db094dcaf873c8b886a725d06?d=https://a248.e.akamai.net/assets.github.com%2Fimages%2Fgravatars%2Fgravatar-user-420.png",
    "gravatar_id": "5947d19db094dcaf873c8b886a725d06",
    "url": "https://api.github.com/users/bdarnell",
    "html_url": "https://github.com/bdarnell",
    "followers_url": "https://api.github.com/users/bdarnell/followers",
    "following_url": "https://api.github.com/users/bdarnell/following",
    "gists_url": "https://api.github.com/users/bdarnell/gists{/gist_id}",
    "starred_url": "https://api.github.com/users/bdarnell/starred{/owner}{/repo}",
    "subscriptions_url": "https://api.github.com/users/bdarnell/subscriptions",
    "organizations_url": "https://api.github.com/users/bdarnell/orgs",
    "repos_url": "https://api.github.com/users/bdarnell/repos",
    "events_url": "https://api.github.com/users/bdarnell/events{/privacy}",
    "received_events_url": "https://api.github.com/users/bdarnell/received_events",
    "type": "User",
    "contributions": 1030
  },
  {
    "login": "finiteloop",
    "id": 58667,
    "avatar_url": "https://secure.gravatar.com/avatar/b2c01f80c3a98b86edede98e187f4988?d=https://a248.e.akamai.net/assets.github.com%2Fimages%2Fgravatars%2Fgravatar-user-420.png",
    "gravatar_id": "b2c01f80c3a98b86edede98e187f4988",
    "url": "https://api.github.com/users/finiteloop",
    "html_url": "https://github.com/finiteloop",
    "followers_url": "https://api.github.com/users/finiteloop/followers",
    "following_url": "https://api.github.com/users/finiteloop/following",
    "gists_url": "https://api.github.com/users/finiteloop/gists{/gist_id}",
    "starred_url": "https://api.github.com/users/finiteloop/starred{/owner}{/repo}",
    "subscriptions_url": "https://api.github.com/users/finiteloop/subscriptions",
    "organizations_url": "https://api.github.com/users/finiteloop/orgs",
    "repos_url": "https://api.github.com/users/finiteloop/repos",
    "events_url": "https://api.github.com/users/finiteloop/events{/privacy}",
    "received_events_url": "https://api.github.com/users/finiteloop/received_events",
    "type": "User",
    "contributions": 34
  },
  {
    "login": "alekstorm",
    "id": 711371,
    "avatar_url": "https://secure.gravatar.com/avatar/6a9437ead3e069f0c602cb9560e431a3?d=https://a248.e.akamai.net/assets.github.com%2Fimages%2Fgravatars%2Fgravatar-user-420.png",
    "gravatar_id": "6a9437ead3e069f0c602cb9560e431a3",
    "url": "https://api.github.com/users/alekstorm",
    "html_url": "https://github.com/alekstorm",
    "followers_url": "https://api.github.com/users/alekstorm/followers",
    "following_url": "https://api.github.com/users/alekstorm/following",
    "gists_url": "https://api.github.com/users/alekstorm/gists{/gist_id}",
    "starred_url": "https://api.github.com/users/alekstorm/starred{/owner}{/repo}",
    "subscriptions_url": "https://api.github.com/users/alekstorm/subscriptions",
    "organizations_url": "https://api.github.com/users/alekstorm/orgs",
    "repos_url": "https://api.github.com/users/alekstorm/repos",
    "events_url": "https://api.github.com/users/alekstorm/events{/privacy}",
    "received_events_url": "https://api.github.com/users/alekstorm/received_events",
    "type": "User",
    "contributions": 19
  },
  {
    "login": "ovidiucp",
    "id": 908975,
    "avatar_url": "https://secure.gravatar.com/avatar/8ddd8f40014d515301b098cc62fc6724?d=https://a248.e.akamai.net/assets.github.com%2Fimages%2Fgravatars%2Fgravatar-user-420.png",
    "gravatar_id": "8ddd8f40014d515301b098cc62fc6724",
    "url": "https://api.github.com/users/ovidiucp",
    "html_url": "https://github.com/ovidiucp",
    "followers_url": "https://api.github.com/users/ovidiucp/followers",
    "following_url": "https://api.github.com/users/ovidiucp/following",
    "gists_url": "https://api.github.com/users/ovidiucp/gists{/gist_id}",
    "starred_url": "https://api.github.com/users/ovidiucp/starred{/owner}{/repo}",
    "subscriptions_url": "https://api.github.com/users/ovidiucp/subscriptions",
    "organizations_url": "https://api.github.com/users/ovidiucp/orgs",
    "repos_url": "https://api.github.com/users/ovidiucp/repos",
    "events_url": "https://api.github.com/users/ovidiucp/events{/privacy}",
    "received_events_url": "https://api.github.com/users/ovidiucp/received_events",
    "type": "User",
    "contributions": 9
  },
  {
    "login": "jparise",
    "id": 10311,
    "avatar_url": "https://secure.gravatar.com/avatar/c1cbef576917d2677878b01dcd5dc9a2?d=https://a248.e.akamai.net/assets.github.com%2Fimages%2Fgravatars%2Fgravatar-user-420.png",
    "gravatar_id": "c1cbef576917d2677878b01dcd5dc9a2",
    "url": "https://api.github.com/users/jparise",
    "html_url": "https://github.com/jparise",
    "followers_url": "https://api.github.com/users/jparise/followers",
    "following_url": "https://api.github.com/users/jparise/following",
    "gists_url": "https://api.github.com/users/jparise/gists{/gist_id}",
    "starred_url": "https://api.github.com/users/jparise/starred{/owner}{/repo}",
    "subscriptions_url": "https://api.github.com/users/jparise/subscriptions",
    "organizations_url": "https://api.github.com/users/jparise/orgs",
    "repos_url": "https://api.github.com/users/jparise/repos",
    "events_url": "https://api.github.com/users/jparise/events{/privacy}",
    "received_events_url": "https://api.github.com/users/jparise/received_events",
    "type": "User",
    "contributions": 8
  },
  {
    "login": "bergundy",
    "id": 52304,
    "avatar_url": "https://secure.gravatar.com/avatar/506d4f19bc4972f7e53902137d98d325?d=https://a248.e.akamai.net/assets.github.com%2Fimages%2Fgravatars%2Fgravatar-user-420.png",
    "gravatar_id": "506d4f19bc4972f7e53902137d98d325",
    "url": "https://api.github.com/users/bergundy",
    "html_url": "https://github.com/bergundy",
    "followers_url": "https://api.github.com/users/bergundy/followers",
    "following_url": "https://api.github.com/users/bergundy/following",
    "gists_url": "https://api.github.com/users/bergundy/gists{/gist_id}",
    "starred_url": "https://api.github.com/users/bergundy/starred{/owner}{/repo}",
    "subscriptions_url": "https://api.github.com/users/bergundy/subscriptions",
    "organizations_url": "https://api.github.com/users/bergundy/orgs",
    "repos_url": "https://api.github.com/users/bergundy/repos",
    "events_url": "https://api.github.com/users/bergundy/events{/privacy}",
    "received_events_url": "https://api.github.com/users/bergundy/received_events",
    "type": "User",
    "contributions": 7
  },
  {
    "login": "flodiebold",
    "id": 906069,
    "avatar_url": "https://secure.gravatar.com/avatar/83729e47cb7dd53215d102120c175d82?d=https://a248.e.akamai.net/assets.github.com%2Fimages%2Fgravatars%2Fgravatar-user-420.png",
    "gravatar_id": "83729e47cb7dd53215d102120c175d82",
    "url": "https://api.github.com/users/flodiebold",
    "html_url": "https://github.com/flodiebold",
    "followers_url": "https://api.github.com/users/flodiebold/followers",
    "following_url": "https://api.github.com/users/flodiebold/following",
    "gists_url": "https://api.github.com/users/flodiebold/gists{/gist_id}",
    "starred_url": "https://api.github.com/users/flodiebold/starred{/owner}{/repo}",
    "subscriptions_url": "https://api.github.com/users/flodiebold/subscriptions",
    "organizations_url": "https://api.github.com/users/flodiebold/orgs",
    "repos_url": "https://api.github.com/users/flodiebold/repos",
    "events_url": "https://api.github.com/users/flodiebold/events{/privacy}",
    "received_events_url": "https://api.github.com/users/flodiebold/received_events",
    "type": "User",
    "contributions": 7
  },
  {
    "login": "davidwilemski",
    "id": 403152,
    "avatar_url": "https://secure.gravatar.com/avatar/1f1eff0b8f0a8425c39783b2ba16e1e2?d=https://a248.e.akamai.net/assets.github.com%2Fimages%2Fgravatars%2Fgravatar-user-420.png",
    "gravatar_id": "1f1eff0b8f0a8425c39783b2ba16e1e2",
    "url": "https://api.github.com/users/davidwilemski",
    "html_url": "https://github.com/davidwilemski",
    "followers_url": "https://api.github.com/users/davidwilemski/followers",
    "following_url": "https://api.github.com/users/davidwilemski/following",
    "gists_url": "https://api.github.com/users/davidwilemski/gists{/gist_id}",
    "starred_url": "https://api.github.com/users/davidwilemski/starred{/owner}{/repo}",
    "subscriptions_url": "https://api.github.com/users/davidwilemski/subscriptions",
    "organizations_url": "https://api.github.com/users/davidwilemski/orgs",
    "repos_url": "https://api.github.com/users/davidwilemski/repos",
    "events_url": "https://api.github.com/users/davidwilemski/events{/privacy}",
    "received_events_url": "https://api.github.com/users/davidwilemski/received_events",
    "type": "User",
    "contributions": 6
  },
  {
    "login": "igorsobreira",
    "id": 81175,
    "avatar_url": "https://secure.gravatar.com/avatar/249c77e3911f7a7833c8aa764e73ca7b?d=https://a248.e.akamai.net/assets.github.com%2Fimages%2Fgravatars%2Fgravatar-user-420.png",
    "gravatar_id": "249c77e3911f7a7833c8aa764e73ca7b",
    "url": "https://api.github.com/users/igorsobreira",
    "html_url": "https://github.com/igorsobreira",
    "followers_url": "https://api.github.com/users/igorsobreira/followers",
    "following_url": "https://api.github.com/users/igorsobreira/following",
    "gists_url": "https://api.github.com/users/igorsobreira/gists{/gist_id}",
    "starred_url": "https://api.github.com/users/igorsobreira/starred{/owner}{/repo}",
    "subscriptions_url": "https://api.github.com/users/igorsobreira/subscriptions",
    "organizations_url": "https://api.github.com/users/igorsobreira/orgs",
    "repos_url": "https://api.github.com/users/igorsobreira/repos",
    "events_url": "https://api.github.com/users/igorsobreira/events{/privacy}",
    "received_events_url": "https://api.github.com/users/igorsobreira/received_events",
    "type": "User",
    "contributions": 5
  },
  {
    "login": "birknilson",
    "id": 281715,
    "avatar_url": "https://secure.gravatar.com/avatar/bd9b4d7e429c08bc7d22aa2d100e7006?d=https://a248.e.akamai.net/assets.github.com%2Fimages%2Fgravatars%2Fgravatar-user-420.png",
    "gravatar_id": "bd9b4d7e429c08bc7d22aa2d100e7006",
    "url": "https://api.github.com/users/birknilson",
    "html_url": "https://github.com/birknilson",
    "followers_url": "https://api.github.com/users/birknilson/followers",
    "following_url": "https://api.github.com/users/birknilson/following",
    "gists_url": "https://api.github.com/users/birknilson/gists{/gist_id}",
    "starred_url": "https://api.github.com/users/birknilson/starred{/owner}{/repo}",
    "subscriptions_url": "https://api.github.com/users/birknilson/subscriptions",
    "organizations_url": "https://api.github.com/users/birknilson/orgs",
    "repos_url": "https://api.github.com/users/birknilson/repos",
    "events_url": "https://api.github.com/users/birknilson/events{/privacy}",
    "received_events_url": "https://api.github.com/users/birknilson/received_events",
    "type": "User",
    "contributions": 5
  },
  {
    "login": "msabramo",
    "id": 305268,
    "avatar_url": "https://secure.gravatar.com/avatar/3d91a2f54a0ad7f3044458a064ea7a84?d=https://a248.e.akamai.net/assets.github.com%2Fimages%2Fgravatars%2Fgravatar-user-420.png",
    "gravatar_id": "3d91a2f54a0ad7f3044458a064ea7a84",
    "url": "https://api.github.com/users/msabramo",
    "html_url": "https://github.com/msabramo",
    "followers_url": "https://api.github.com/users/msabramo/followers",
    "following_url": "https://api.github.com/users/msabramo/following",
    "gists_url": "https://api.github.com/users/msabramo/gists{/gist_id}",
    "starred_url": "https://api.github.com/users/msabramo/starred{/owner}{/repo}",
    "subscriptions_url": "https://api.github.com/users/msabramo/subscriptions",
    "organizations_url": "https://api.github.com/users/msabramo/orgs",
    "repos_url": "https://api.github.com/users/msabramo/repos",
    "events_url": "https://api.github.com/users/msabramo/events{/privacy}",
    "received_events_url": "https://api.github.com/users/msabramo/received_events",
    "type": "User",
    "contributions": 5
  },
  {
    "login": "minrk",
    "id": 151929,
    "avatar_url": "https://secure.gravatar.com/avatar/d5b897c37001627c2e3ad3c1e8a7e6fb?d=https://a248.e.akamai.net/assets.github.com%2Fimages%2Fgravatars%2Fgravatar-user-420.png",
    "gravatar_id": "d5b897c37001627c2e3ad3c1e8a7e6fb",
    "url": "https://api.github.com/users/minrk",
    "html_url": "https://github.com/minrk",
    "followers_url": "https://api.github.com/users/minrk/followers",
    "following_url": "https://api.github.com/users/minrk/following",
    "gists_url": "https://api.github.com/users/minrk/gists{/gist_id}",
    "starred_url": "https://api.github.com/users/minrk/starred{/owner}{/repo}",
    "subscriptions_url": "https://api.github.com/users/minrk/subscriptions",
    "organizations_url": "https://api.github.com/users/minrk/orgs",
    "repos_url": "https://api.github.com/users/minrk/repos",
    "events_url": "https://api.github.com/users/minrk/events{/privacy}",
    "received_events_url": "https://api.github.com/users/minrk/received_events",
    "type": "User",
    "contributions": 5
  },
  {
    "login": "alanhogan",
    "id": 6808,
    "avatar_url": "https://secure.gravatar.com/avatar/f50ea766b73c2f3e168daad07286a10b?d=https://a248.e.akamai.net/assets.github.com%2Fimages%2Fgravatars%2Fgravatar-user-420.png",
    "gravatar_id": "f50ea766b73c2f3e168daad07286a10b",
    "url": "https://api.github.com/users/alanhogan",
    "html_url": "https://github.com/alanhogan",
    "followers_url": "https://api.github.com/users/alanhogan/followers",
    "following_url": "https://api.github.com/users/alanhogan/following",
    "gists_url": "https://api.github.com/users/alanhogan/gists{/gist_id}",
    "starred_url": "https://api.github.com/users/alanhogan/starred{/owner}{/repo}",
    "subscriptions_url": "https://api.github.com/users/alanhogan/subscriptions",
    "organizations_url": "https://api.github.com/users/alanhogan/orgs",
    "repos_url": "https://api.github.com/users/alanhogan/repos",
    "events_url": "https://api.github.com/users/alanhogan/events{/privacy}",
    "received_events_url": "https://api.github.com/users/alanhogan/received_events",
    "type": "User",
    "contributions": 4
  },
  {
    "login": "ei-grad",
    "id": 78607,
    "avatar_url": "https://secure.gravatar.com/avatar/b97bf3c9ef3c1b92be966c36306b4234?d=https://a248.e.akamai.net/assets.github.com%2Fimages%2Fgravatars%2Fgravatar-user-420.png",
    "gravatar_id": "b97bf3c9ef3c1b92be966c36306b4234",
    "url": "https://api.github.com/users/ei-grad",
    "html_url": "https://github.com/ei-grad",
    "followers_url": "https://api.github.com/users/ei-grad/followers",
    "following_url": "https://api.github.com/users/ei-grad/following",
    "gists_url": "https://api.github.com/users/ei-grad/gists{/gist_id}",
    "starred_url": "https://api.github.com/users/ei-grad/starred{/owner}{/repo}",
    "subscriptions_url": "https://api.github.com/users/ei-grad/subscriptions",
    "organizations_url": "https://api.github.com/users/ei-grad/orgs",
    "repos_url": "https://api.github.com/users/ei-grad/repos",
    "events_url": "https://api.github.com/users/ei-grad/events{/privacy}",
    "received_events_url": "https://api.github.com/users/ei-grad/received_events",
    "type": "User",
    "contributions": 4
  },
  {
    "login": "mrjoes",
    "id": 179880,
    "avatar_url": "https://secure.gravatar.com/avatar/495fa98e6767ef3497fb56edb1b8d46a?d=https://a248.e.akamai.net/assets.github.com%2Fimages%2Fgravatars%2Fgravatar-user-420.png",
    "gravatar_id": "495fa98e6767ef3497fb56edb1b8d46a",
    "url": "https://api.github.com/users/mrjoes",
    "html_url": "https://github.com/mrjoes",
    "followers_url": "https://api.github.com/users/mrjoes/followers",
    "following_url": "https://api.github.com/users/mrjoes/following",
    "gists_url": "https://api.github.com/users/mrjoes/gists{/gist_id}",
    "starred_url": "https://api.github.com/users/mrjoes/starred{/owner}{/repo}",
    "subscriptions_url": "https://api.github.com/users/mrjoes/subscriptions",
    "organizations_url": "https://api.github.com/users/mrjoes/orgs",
    "repos_url": "https://api.github.com/users/mrjoes/repos",
    "events_url": "https://api.github.com/users/mrjoes/events{/privacy}",
    "received_events_url": "https://api.github.com/users/mrjoes/received_events",
    "type": "User",
    "contributions": 4
  },
  {
    "login": "caseymrm",
    "id": 124769,
    "avatar_url": "https://secure.gravatar.com/avatar/48dd315cebe19e8ab6c6d99e0ae27752?d=https://a248.e.akamai.net/assets.github.com%2Fimages%2Fgravatars%2Fgravatar-user-420.png",
    "gravatar_id": "48dd315cebe19e8ab6c6d99e0ae27752",
    "url": "https://api.github.com/users/caseymrm",
    "html_url": "https://github.com/caseymrm",
    "followers_url": "https://api.github.com/users/caseymrm/followers",
    "following_url": "https://api.github.com/users/caseymrm/following",
    "gists_url": "https://api.github.com/users/caseymrm/gists{/gist_id}",
    "starred_url": "https://api.github.com/users/caseymrm/starred{/owner}{/repo}",
    "subscriptions_url": "https://api.github.com/users/caseymrm/subscriptions",
    "organizations_url": "https://api.github.com/users/caseymrm/orgs",
    "repos_url": "https://api.github.com/users/caseymrm/repos",
    "events_url": "https://api.github.com/users/caseymrm/events{/privacy}",
    "received_events_url": "https://api.github.com/users/caseymrm/received_events",
    "type": "User",
    "contributions": 4
  },
  {
    "login": "fiam",
    "id": 41529,
    "avatar_url": "https://secure.gravatar.com/avatar/21197e3dce005ae87c2f21c286c66914?d=https://a248.e.akamai.net/assets.github.com%2Fimages%2Fgravatars%2Fgravatar-user-420.png",
    "gravatar_id": "21197e3dce005ae87c2f21c286c66914",
    "url": "https://api.github.com/users/fiam",
    "html_url": "https://github.com/fiam",
    "followers_url": "https://api.github.com/users/fiam/followers",
    "following_url": "https://api.github.com/users/fiam/following",
    "gists_url": "https://api.github.com/users/fiam/gists{/gist_id}",
    "starred_url": "https://api.github.com/users/fiam/starred{/owner}{/repo}",
    "subscriptions_url": "https://api.github.com/users/fiam/subscriptions",
    "organizations_url": "https://api.github.com/users/fiam/orgs",
    "repos_url": "https://api.github.com/users/fiam/repos",
    "events_url": "https://api.github.com/users/fiam/events{/privacy}",
    "received_events_url": "https://api.github.com/users/fiam/received_events",
    "type": "User",
    "contributions": 3
  },
  {
    "login": "amorton",
    "id": 172561,
    "avatar_url": "https://secure.gravatar.com/avatar/1d7fa3686afc3a8a638bcac8faa87be1?d=https://a248.e.akamai.net/assets.github.com%2Fimages%2Fgravatars%2Fgravatar-user-420.png",
    "gravatar_id": "1d7fa3686afc3a8a638bcac8faa87be1",
    "url": "https://api.github.com/users/amorton",
    "html_url": "https://github.com/amorton",
    "followers_url": "https://api.github.com/users/amorton/followers",
    "following_url": "https://api.github.com/users/amorton/following",
    "gists_url": "https://api.github.com/users/amorton/gists{/gist_id}",
    "starred_url": "https://api.github.com/users/amorton/starred{/owner}{/repo}",
    "subscriptions_url": "https://api.github.com/users/amorton/subscriptions",
    "organizations_url": "https://api.github.com/users/amorton/orgs",
    "repos_url": "https://api.github.com/users/amorton/repos",
    "events_url": "https://api.github.com/users/amorton/events{/privacy}",
    "received_events_url": "https://api.github.com/users/amorton/received_events",
    "type": "User",
    "contributions": 3
  },
  {
    "login": "evanj",
    "id": 675151,
    "avatar_url": "https://secure.gravatar.com/avatar/915d635425bd290ca15a7765a88c8e5f?d=https://a248.e.akamai.net/assets.github.com%2Fimages%2Fgravatars%2Fgravatar-user-420.png",
    "gravatar_id": "915d635425bd290ca15a7765a88c8e5f",
    "url": "https://api.github.com/users/evanj",
    "html_url": "https://github.com/evanj",
    "followers_url": "https://api.github.com/users/evanj/followers",
    "following_url": "https://api.github.com/users/evanj/following",
    "gists_url": "https://api.github.com/users/evanj/gists{/gist_id}",
    "starred_url": "https://api.github.com/users/evanj/starred{/owner}{/repo}",
    "subscriptions_url": "https://api.github.com/users/evanj/subscriptions",
    "organizations_url": "https://api.github.com/users/evanj/orgs",
    "repos_url": "https://api.github.com/users/evanj/repos",
    "events_url": "https://api.github.com/users/evanj/events{/privacy}",
    "received_events_url": "https://api.github.com/users/evanj/received_events",
    "type": "User",
    "contributions": 3
  },
  {
    "login": "eklitzke",
    "id": 2734,
    "avatar_url": "https://secure.gravatar.com/avatar/c8e31cd07007fe6695dbc51069ab9fdc?d=https://a248.e.akamai.net/assets.github.com%2Fimages%2Fgravatars%2Fgravatar-user-420.png",
    "gravatar_id": "c8e31cd07007fe6695dbc51069ab9fdc",
    "url": "https://api.github.com/users/eklitzke",
    "html_url": "https://github.com/eklitzke",
    "followers_url": "https://api.github.com/users/eklitzke/followers",
    "following_url": "https://api.github.com/users/eklitzke/following",
    "gists_url": "https://api.github.com/users/eklitzke/gists{/gist_id}",
    "starred_url": "https://api.github.com/users/eklitzke/starred{/owner}{/repo}",
    "subscriptions_url": "https://api.github.com/users/eklitzke/subscriptions",
    "organizations_url": "https://api.github.com/users/eklitzke/orgs",
    "repos_url": "https://api.github.com/users/eklitzke/repos",
    "events_url": "https://api.github.com/users/eklitzke/events{/privacy}",
    "received_events_url": "https://api.github.com/users/eklitzke/received_events",
    "type": "User",
    "contributions": 3
  },
  {
    "login": "vkosh",
    "id": 28398,
    "avatar_url": "https://secure.gravatar.com/avatar/7a05995ca99d6648d4b274392be31404?d=https://a248.e.akamai.net/assets.github.com%2Fimages%2Fgravatars%2Fgravatar-user-420.png",
    "gravatar_id": "7a05995ca99d6648d4b274392be31404",
    "url": "https://api.github.com/users/vkosh",
    "html_url": "https://github.com/vkosh",
    "followers_url": "https://api.github.com/users/vkosh/followers",
    "following_url": "https://api.github.com/users/vkosh/following",
    "gists_url": "https://api.github.com/users/vkosh/gists{/gist_id}",
    "starred_url": "https://api.github.com/users/vkosh/starred{/owner}{/repo}",
    "subscriptions_url": "https://api.github.com/users/vkosh/subscriptions",
    "organizations_url": "https://api.github.com/users/vkosh/orgs",
    "repos_url": "https://api.github.com/users/vkosh/repos",
    "events_url": "https://api.github.com/users/vkosh/events{/privacy}",
    "received_events_url": "https://api.github.com/users/vkosh/received_events",
    "type": "User",
    "contributions": 3
  },
  {
    "login": "mckoss",
    "id": 82750,
    "avatar_url": "https://secure.gravatar.com/avatar/5f2c2cf9bc7f78f15e57cdcd2fcc78f3?d=https://a248.e.akamai.net/assets.github.com%2Fimages%2Fgravatars%2Fgravatar-user-420.png",
    "gravatar_id": "5f2c2cf9bc7f78f15e57cdcd2fcc78f3",
    "url": "https://api.github.com/users/mckoss",
    "html_url": "https://github.com/mckoss",
    "followers_url": "https://api.github.com/users/mckoss/followers",
    "following_url": "https://api.github.com/users/mckoss/following",
    "gists_url": "https://api.github.com/users/mckoss/gists{/gist_id}",
    "starred_url": "https://api.github.com/users/mckoss/starred{/owner}{/repo}",
    "subscriptions_url": "https://api.github.com/users/mckoss/subscriptions",
    "organizations_url": "https://api.github.com/users/mckoss/orgs",
    "repos_url": "https://api.github.com/users/mckoss/repos",
    "events_url": "https://api.github.com/users/mckoss/events{/privacy}",
    "received_events_url": "https://api.github.com/users/mckoss/received_events",
    "type": "User",
    "contributions": 3
  },
  {
    "login": "phihag",
    "id": 779568,
    "avatar_url": "https://secure.gravatar.com/avatar/6f92354195e8874dbee44d5c8714d506?d=https://a248.e.akamai.net/assets.github.com%2Fimages%2Fgravatars%2Fgravatar-user-420.png",
    "gravatar_id": "6f92354195e8874dbee44d5c8714d506",
    "url": "https://api.github.com/users/phihag",
    "html_url": "https://github.com/phihag",
    "followers_url": "https://api.github.com/users/phihag/followers",
    "following_url": "https://api.github.com/users/phihag/following",
    "gists_url": "https://api.github.com/users/phihag/gists{/gist_id}",
    "starred_url": "https://api.github.com/users/phihag/starred{/owner}{/repo}",
    "subscriptions_url": "https://api.github.com/users/phihag/subscriptions",
    "organizations_url": "https://api.github.com/users/phihag/orgs",
    "repos_url": "https://api.github.com/users/phihag/repos",
    "events_url": "https://api.github.com/users/phihag/events{/privacy}",
    "received_events_url": "https://api.github.com/users/phihag/received_events",
    "type": "User",
    "contributions": 3
  },
  {
    "login": "jjwchoy",
    "id": 735213,
    "avatar_url": "https://secure.gravatar.com/avatar/eb7ce23c975d57e4500b0a305452818f?d=https://a248.e.akamai.net/assets.github.com%2Fimages%2Fgravatars%2Fgravatar-user-420.png",
    "gravatar_id": "eb7ce23c975d57e4500b0a305452818f",
    "url": "https://api.github.com/users/jjwchoy",
    "html_url": "https://github.com/jjwchoy",
    "followers_url": "https://api.github.com/users/jjwchoy/followers",
    "following_url": "https://api.github.com/users/jjwchoy/following",
    "gists_url": "https://api.github.com/users/jjwchoy/gists{/gist_id}",
    "starred_url": "https://api.github.com/users/jjwchoy/starred{/owner}{/repo}",
    "subscriptions_url": "https://api.github.com/users/jjwchoy/subscriptions",
    "organizations_url": "https://api.github.com/users/jjwchoy/orgs",
    "repos_url": "https://api.github.com/users/jjwchoy/repos",
    "events_url": "https://api.github.com/users/jjwchoy/events{/privacy}",
    "received_events_url": "https://api.github.com/users/jjwchoy/received_events",
    "type": "User",
    "contributions": 3
  },
  {
    "login": "polymorphm",
    "id": 422741,
    "avatar_url": "https://secure.gravatar.com/avatar/a580c65e45d6fb4a3b5a26ef3d66be4e?d=https://a248.e.akamai.net/assets.github.com%2Fimages%2Fgravatars%2Fgravatar-user-420.png",
    "gravatar_id": "a580c65e45d6fb4a3b5a26ef3d66be4e",
    "url": "https://api.github.com/users/polymorphm",
    "html_url": "https://github.com/polymorphm",
    "followers_url": "https://api.github.com/users/polymorphm/followers",
    "following_url": "https://api.github.com/users/polymorphm/following",
    "gists_url": "https://api.github.com/users/polymorphm/gists{/gist_id}",
    "starred_url": "https://api.github.com/users/polymorphm/starred{/owner}{/repo}",
    "subscriptions_url": "https://api.github.com/users/polymorphm/subscriptions",
    "organizations_url": "https://api.github.com/users/polymorphm/orgs",
    "repos_url": "https://api.github.com/users/polymorphm/repos",
    "events_url": "https://api.github.com/users/polymorphm/events{/privacy}",
    "received_events_url": "https://api.github.com/users/polymorphm/received_events",
    "type": "User",
    "contributions": 2
  },
  {
    "login": "eliast",
    "id": 26843,
    "avatar_url": "https://secure.gravatar.com/avatar/659b3ff9736917adaf4c44a0bf5eb024?d=https://a248.e.akamai.net/assets.github.com%2Fimages%2Fgravatars%2Fgravatar-user-420.png",
    "gravatar_id": "659b3ff9736917adaf4c44a0bf5eb024",
    "url": "https://api.github.com/users/eliast",
    "html_url": "https://github.com/eliast",
    "followers_url": "https://api.github.com/users/eliast/followers",
    "following_url": "https://api.github.com/users/eliast/following",
    "gists_url": "https://api.github.com/users/eliast/gists{/gist_id}",
    "starred_url": "https://api.github.com/users/eliast/starred{/owner}{/repo}",
    "subscriptions_url": "https://api.github.com/users/eliast/subscriptions",
    "organizations_url": "https://api.github.com/users/eliast/orgs",
    "repos_url": "https://api.github.com/users/eliast/repos",
    "events_url": "https://api.github.com/users/eliast/events{/privacy}",
    "received_events_url": "https://api.github.com/users/eliast/received_events",
    "type": "User",
    "contributions": 2
  },
  {
    "login": "szeim",
    "id": 455926,
    "avatar_url": "https://secure.gravatar.com/avatar/9b007fdb6610df6a9f9b88e69cbd3e3a?d=https://a248.e.akamai.net/assets.github.com%2Fimages%2Fgravatars%2Fgravatar-user-420.png",
    "gravatar_id": "9b007fdb6610df6a9f9b88e69cbd3e3a",
    "url": "https://api.github.com/users/szeim",
    "html_url": "https://github.com/szeim",
    "followers_url": "https://api.github.com/users/szeim/followers",
    "following_url": "https://api.github.com/users/szeim/following",
    "gists_url": "https://api.github.com/users/szeim/gists{/gist_id}",
    "starred_url": "https://api.github.com/users/szeim/starred{/owner}{/repo}",
    "subscriptions_url": "https://api.github.com/users/szeim/subscriptions",
    "organizations_url": "https://api.github.com/users/szeim/orgs",
    "repos_url": "https://api.github.com/users/szeim/repos",
    "events_url": "https://api.github.com/users/szeim/events{/privacy}",
    "received_events_url": "https://api.github.com/users/szeim/received_events",
    "type": "User",
    "contributions": 2
  },
  {
    "login": "jehiah",
    "id": 45028,
    "avatar_url": "https://secure.gravatar.com/avatar/49b31b7264aa9367f83872a4112312d6?d=https://a248.e.akamai.net/assets.github.com%2Fimages%2Fgravatars%2Fgravatar-user-420.png",
    "gravatar_id": "49b31b7264aa9367f83872a4112312d6",
    "url": "https://api.github.com/users/jehiah",
    "html_url": "https://github.com/jehiah",
    "followers_url": "https://api.github.com/users/jehiah/followers",
    "following_url": "https://api.github.com/users/jehiah/following",
    "gists_url": "https://api.github.com/users/jehiah/gists{/gist_id}",
    "starred_url": "https://api.github.com/users/jehiah/starred{/owner}{/repo}",
    "subscriptions_url": "https://api.github.com/users/jehiah/subscriptions",
    "organizations_url": "https://api.github.com/users/jehiah/orgs",
    "repos_url": "https://api.github.com/users/jehiah/repos",
    "events_url": "https://api.github.com/users/jehiah/events{/privacy}",
    "received_events_url": "https://api.github.com/users/jehiah/received_events",
    "type": "User",
    "contributions": 2
  },
  {
    "login": "joshstaiger",
    "id": 288405,
    "avatar_url": "https://secure.gravatar.com/avatar/6a50055d04d0309ced9241aaa9f461d2?d=https://a248.e.akamai.net/assets.github.com%2Fimages%2Fgravatars%2Fgravatar-user-420.png",
    "gravatar_id": "6a50055d04d0309ced9241aaa9f461d2",
    "url": "https://api.github.com/users/joshstaiger",
    "html_url": "https://github.com/joshstaiger",
    "followers_url": "https://api.github.com/users/joshstaiger/followers",
    "following_url": "https://api.github.com/users/joshstaiger/following",
    "gists_url": "https://api.github.com/users/joshstaiger/gists{/gist_id}",
    "starred_url": "https://api.github.com/users/joshstaiger/starred{/owner}{/repo}",
    "subscriptions_url": "https://api.github.com/users/joshstaiger/subscriptions",
    "organizations_url": "https://api.github.com/users/joshstaiger/orgs",
    "repos_url": "https://api.github.com/users/joshstaiger/repos",
    "events_url": "https://api.github.com/users/joshstaiger/events{/privacy}",
    "received_events_url": "https://api.github.com/users/joshstaiger/received_events",
    "type": "User",
    "contributions": 2
  },
  {
    "login": "christarnowski",
    "id": 161668,
    "avatar_url": "https://secure.gravatar.com/avatar/75eea8771b0d38284f0a4197f950841e?d=https://a248.e.akamai.net/assets.github.com%2Fimages%2Fgravatars%2Fgravatar-user-420.png",
    "gravatar_id": "75eea8771b0d38284f0a4197f950841e",
    "url": "https://api.github.com/users/christarnowski",
    "html_url": "https://github.com/christarnowski",
    "followers_url": "https://api.github.com/users/christarnowski/followers",
    "following_url": "https://api.github.com/users/christarnowski/following",
    "gists_url": "https://api.github.com/users/christarnowski/gists{/gist_id}",
    "starred_url": "https://api.github.com/users/christarnowski/starred{/owner}{/repo}",
    "subscriptions_url": "https://api.github.com/users/christarnowski/subscriptions",
    "organizations_url": "https://api.github.com/users/christarnowski/orgs",
    "repos_url": "https://api.github.com/users/christarnowski/repos",
    "events_url": "https://api.github.com/users/christarnowski/events{/privacy}",
    "received_events_url": "https://api.github.com/users/christarnowski/received_events",
    "type": "User",
    "contributions": 2
  },
  {
    "login": "lerks",
    "id": 120810,
    "avatar_url": "https://secure.gravatar.com/avatar/702727167de4180ec39bdcf0f9741b95?d=https://a248.e.akamai.net/assets.github.com%2Fimages%2Fgravatars%2Fgravatar-user-420.png",
    "gravatar_id": "702727167de4180ec39bdcf0f9741b95",
    "url": "https://api.github.com/users/lerks",
    "html_url": "https://github.com/lerks",
    "followers_url": "https://api.github.com/users/lerks/followers",
    "following_url": "https://api.github.com/users/lerks/following",
    "gists_url": "https://api.github.com/users/lerks/gists{/gist_id}",
    "starred_url": "https://api.github.com/users/lerks/starred{/owner}{/repo}",
    "subscriptions_url": "https://api.github.com/users/lerks/subscriptions",
    "organizations_url": "https://api.github.com/users/lerks/orgs",
    "repos_url": "https://api.github.com/users/lerks/repos",
    "events_url": "https://api.github.com/users/lerks/events{/privacy}",
    "received_events_url": "https://api.github.com/users/lerks/received_events",
    "type": "User",
    "contributions": 2
  },
  {
    "login": "mmalecki",
    "id": 692459,
    "avatar_url": "https://secure.gravatar.com/avatar/88980828020437cf9ec42c936d69e686?d=https://a248.e.akamai.net/assets.github.com%2Fimages%2Fgravatars%2Fgravatar-user-420.png",
    "gravatar_id": "88980828020437cf9ec42c936d69e686",
    "url": "https://api.github.com/users/mmalecki",
    "html_url": "https://github.com/mmalecki",
    "followers_url": "https://api.github.com/users/mmalecki/followers",
    "following_url": "https://api.github.com/users/mmalecki/following",
    "gists_url": "https://api.github.com/users/mmalecki/gists{/gist_id}",
    "starred_url": "https://api.github.com/users/mmalecki/starred{/owner}{/repo}",
    "subscriptions_url": "https://api.github.com/users/mmalecki/subscriptions",
    "organizations_url": "https://api.github.com/users/mmalecki/orgs",
    "repos_url": "https://api.github.com/users/mmalecki/repos",
    "events_url": "https://api.github.com/users/mmalecki/events{/privacy}",
    "received_events_url": "https://api.github.com/users/mmalecki/received_events",
    "type": "User",
    "contributions": 2
  },
  {
    "login": "neilrahilly",
    "id": 141755,
    "avatar_url": "https://secure.gravatar.com/avatar/e6c42c3c0c12fee59aa1f929fbc925f1?d=https://a248.e.akamai.net/assets.github.com%2Fimages%2Fgravatars%2Fgravatar-user-420.png",
    "gravatar_id": "e6c42c3c0c12fee59aa1f929fbc925f1",
    "url": "https://api.github.com/users/neilrahilly",
    "html_url": "https://github.com/neilrahilly",
    "followers_url": "https://api.github.com/users/neilrahilly/followers",
    "following_url": "https://api.github.com/users/neilrahilly/following",
    "gists_url": "https://api.github.com/users/neilrahilly/gists{/gist_id}",
    "starred_url": "https://api.github.com/users/neilrahilly/starred{/owner}{/repo}",
    "subscriptions_url": "https://api.github.com/users/neilrahilly/subscriptions",
    "organizations_url": "https://api.github.com/users/neilrahilly/orgs",
    "repos_url": "https://api.github.com/users/neilrahilly/repos",
    "events_url": "https://api.github.com/users/neilrahilly/events{/privacy}",
    "received_events_url": "https://api.github.com/users/neilrahilly/received_events",
    "type": "User",
    "contributions": 2
  },
  {
    "login": "ohardy",
    "id": 1172805,
    "avatar_url": "https://secure.gravatar.com/avatar/865c274c9e47a5588cc61f9c665bd2c7?d=https://a248.e.akamai.net/assets.github.com%2Fimages%2Fgravatars%2Fgravatar-user-420.png",
    "gravatar_id": "865c274c9e47a5588cc61f9c665bd2c7",
    "url": "https://api.github.com/users/ohardy",
    "html_url": "https://github.com/ohardy",
    "followers_url": "https://api.github.com/users/ohardy/followers",
    "following_url": "https://api.github.com/users/ohardy/following",
    "gists_url": "https://api.github.com/users/ohardy/gists{/gist_id}",
    "starred_url": "https://api.github.com/users/ohardy/starred{/owner}{/repo}",
    "subscriptions_url": "https://api.github.com/users/ohardy/subscriptions",
    "organizations_url": "https://api.github.com/users/ohardy/orgs",
    "repos_url": "https://api.github.com/users/ohardy/repos",
    "events_url": "https://api.github.com/users/ohardy/events{/privacy}",
    "received_events_url": "https://api.github.com/users/ohardy/received_events",
    "type": "User",
    "contributions": 2
  },
  {
    "login": "psobot",
    "id": 213293,
    "avatar_url": "https://secure.gravatar.com/avatar/a2d0a8d7b09e3651f71d86c2299e7d25?d=https://a248.e.akamai.net/assets.github.com%2Fimages%2Fgravatars%2Fgravatar-user-420.png",
    "gravatar_id": "a2d0a8d7b09e3651f71d86c2299e7d25",
    "url": "https://api.github.com/users/psobot",
    "html_url": "https://github.com/psobot",
    "followers_url": "https://api.github.com/users/psobot/followers",
    "following_url": "https://api.github.com/users/psobot/following",
    "gists_url": "https://api.github.com/users/psobot/gists{/gist_id}",
    "starred_url": "https://api.github.com/users/psobot/starred{/owner}{/repo}",
    "subscriptions_url": "https://api.github.com/users/psobot/subscriptions",
    "organizations_url": "https://api.github.com/users/psobot/orgs",
    "repos_url": "https://api.github.com/users/psobot/repos",
    "events_url": "https://api.github.com/users/psobot/events{/privacy}",
    "received_events_url": "https://api.github.com/users/psobot/received_events",
    "type": "User",
    "contributions": 2
  },
  {
    "login": "rbu",
    "id": 65913,
    "avatar_url": "https://secure.gravatar.com/avatar/ea01582c321a11551a7de9e0e115790a?d=https://a248.e.akamai.net/assets.github.com%2Fimages%2Fgravatars%2Fgravatar-user-420.png",
    "gravatar_id": "ea01582c321a11551a7de9e0e115790a",
    "url": "https://api.github.com/users/rbu",
    "html_url": "https://github.com/rbu",
    "followers_url": "https://api.github.com/users/rbu/followers",
    "following_url": "https://api.github.com/users/rbu/following",
    "gists_url": "https://api.github.com/users/rbu/gists{/gist_id}",
    "starred_url": "https://api.github.com/users/rbu/starred{/owner}{/repo}",
    "subscriptions_url": "https://api.github.com/users/rbu/subscriptions",
    "organizations_url": "https://api.github.com/users/rbu/orgs",
    "repos_url": "https://api.github.com/users/rbu/repos",
    "events_url": "https://api.github.com/users/rbu/events{/privacy}",
    "received_events_url": "https://api.github.com/users/rbu/received_events",
    "type": "User",
    "contributions": 2
  },
  {
    "login": "stiletto",
    "id": 158473,
    "avatar_url": "https://secure.gravatar.com/avatar/076abbdf68c008aac0f52e371ba96f15?d=https://a248.e.akamai.net/assets.github.com%2Fimages%2Fgravatars%2Fgravatar-user-420.png",
    "gravatar_id": "076abbdf68c008aac0f52e371ba96f15",
    "url": "https://api.github.com/users/stiletto",
    "html_url": "https://github.com/stiletto",
    "followers_url": "https://api.github.com/users/stiletto/followers",
    "following_url": "https://api.github.com/users/stiletto/following",
    "gists_url": "https://api.github.com/users/stiletto/gists{/gist_id}",
    "starred_url": "https://api.github.com/users/stiletto/starred{/owner}{/repo}",
    "subscriptions_url": "https://api.github.com/users/stiletto/subscriptions",
    "organizations_url": "https://api.github.com/users/stiletto/orgs",
    "repos_url": "https://api.github.com/users/stiletto/repos",
    "events_url": "https://api.github.com/users/stiletto/events{/privacy}",
    "received_events_url": "https://api.github.com/users/stiletto/received_events",
    "type": "User",
    "contributions": 2
  },
  {
    "login": "mankyd",
    "id": 39662,
    "avatar_url": "https://secure.gravatar.com/avatar/f2a0aab1b23c61729aee2685e1bbd502?d=https://a248.e.akamai.net/assets.github.com%2Fimages%2Fgravatars%2Fgravatar-user-420.png",
    "gravatar_id": "f2a0aab1b23c61729aee2685e1bbd502",
    "url": "https://api.github.com/users/mankyd",
    "html_url": "https://github.com/mankyd",
    "followers_url": "https://api.github.com/users/mankyd/followers",
    "following_url": "https://api.github.com/users/mankyd/following",
    "gists_url": "https://api.github.com/users/mankyd/gists{/gist_id}",
    "starred_url": "https://api.github.com/users/mankyd/starred{/owner}{/repo}",
    "subscriptions_url": "https://api.github.com/users/mankyd/subscriptions",
    "organizations_url": "https://api.github.com/users/mankyd/orgs",
    "repos_url": "https://api.github.com/users/mankyd/repos",
    "events_url": "https://api.github.com/users/mankyd/events{/privacy}",
    "received_events_url": "https://api.github.com/users/mankyd/received_events",
    "type": "User",
    "contributions": 2
  },
  {
    "login": "inferno-",
    "id": 289526,
    "avatar_url": "https://secure.gravatar.com/avatar/72b24fae8d9a2b6921edd1f98096ccdf?d=https://a248.e.akamai.net/assets.github.com%2Fimages%2Fgravatars%2Fgravatar-user-420.png",
    "gravatar_id": "72b24fae8d9a2b6921edd1f98096ccdf",
    "url": "https://api.github.com/users/inferno-",
    "html_url": "https://github.com/inferno-",
    "followers_url": "https://api.github.com/users/inferno-/followers",
    "following_url": "https://api.github.com/users/inferno-/following",
    "gists_url": "https://api.github.com/users/inferno-/gists{/gist_id}",
    "starred_url": "https://api.github.com/users/inferno-/starred{/owner}{/repo}",
    "subscriptions_url": "https://api.github.com/users/inferno-/subscriptions",
    "organizations_url": "https://api.github.com/users/inferno-/orgs",
    "repos_url": "https://api.github.com/users/inferno-/repos",
    "events_url": "https://api.github.com/users/inferno-/events{/privacy}",
    "received_events_url": "https://api.github.com/users/inferno-/received_events",
    "type": "User",
    "contributions": 2
  },
  {
    "login": "joerussbowman",
    "id": 125608,
    "avatar_url": "https://secure.gravatar.com/avatar/3d27515c440c9c7f9e4d020a38ec1513?d=https://a248.e.akamai.net/assets.github.com%2Fimages%2Fgravatars%2Fgravatar-user-420.png",
    "gravatar_id": "3d27515c440c9c7f9e4d020a38ec1513",
    "url": "https://api.github.com/users/joerussbowman",
    "html_url": "https://github.com/joerussbowman",
    "followers_url": "https://api.github.com/users/joerussbowman/followers",
    "following_url": "https://api.github.com/users/joerussbowman/following",
    "gists_url": "https://api.github.com/users/joerussbowman/gists{/gist_id}",
    "starred_url": "https://api.github.com/users/joerussbowman/starred{/owner}{/repo}",
    "subscriptions_url": "https://api.github.com/users/joerussbowman/subscriptions",
    "organizations_url": "https://api.github.com/users/joerussbowman/orgs",
    "repos_url": "https://api.github.com/users/joerussbowman/repos",
    "events_url": "https://api.github.com/users/joerussbowman/events{/privacy}",
    "received_events_url": "https://api.github.com/users/joerussbowman/received_events",
    "type": "User",
    "contributions": 2
  },
  {
    "login": "schlamar",
    "id": 238652,
    "avatar_url": "https://secure.gravatar.com/avatar/2e1e921eb08e4206bda5646076baccb5?d=https://a248.e.akamai.net/assets.github.com%2Fimages%2Fgravatars%2Fgravatar-user-420.png",
    "gravatar_id": "2e1e921eb08e4206bda5646076baccb5",
    "url": "https://api.github.com/users/schlamar",
    "html_url": "https://github.com/schlamar",
    "followers_url": "https://api.github.com/users/schlamar/followers",
    "following_url": "https://api.github.com/users/schlamar/following",
    "gists_url": "https://api.github.com/users/schlamar/gists{/gist_id}",
    "starred_url": "https://api.github.com/users/schlamar/starred{/owner}{/repo}",
    "subscriptions_url": "https://api.github.com/users/schlamar/subscriptions",
    "organizations_url": "https://api.github.com/users/schlamar/orgs",
    "repos_url": "https://api.github.com/users/schlamar/repos",
    "events_url": "https://api.github.com/users/schlamar/events{/privacy}",
    "received_events_url": "https://api.github.com/users/schlamar/received_events",
    "type": "User",
    "contributions": 1
  },
  {
    "login": "weaver",
    "id": 67218,
    "avatar_url": "https://secure.gravatar.com/avatar/b4d22d59835234669cdcfc17d96f78d9?d=https://a248.e.akamai.net/assets.github.com%2Fimages%2Fgravatars%2Fgravatar-user-420.png",
    "gravatar_id": "b4d22d59835234669cdcfc17d96f78d9",
    "url": "https://api.github.com/users/weaver",
    "html_url": "https://github.com/weaver",
    "followers_url": "https://api.github.com/users/weaver/followers",
    "following_url": "https://api.github.com/users/weaver/following",
    "gists_url": "https://api.github.com/users/weaver/gists{/gist_id}",
    "starred_url": "https://api.github.com/users/weaver/starred{/owner}{/repo}",
    "subscriptions_url": "https://api.github.com/users/weaver/subscriptions",
    "organizations_url": "https://api.github.com/users/weaver/orgs",
    "repos_url": "https://api.github.com/users/weaver/repos",
    "events_url": "https://api.github.com/users/weaver/events{/privacy}",
    "received_events_url": "https://api.github.com/users/weaver/received_events",
    "type": "User",
    "contributions": 1
  },
  {
    "login": "heynemann",
    "id": 60965,
    "avatar_url": "https://secure.gravatar.com/avatar/eca21e5e47811c60e03087fc311e1d29?d=https://a248.e.akamai.net/assets.github.com%2Fimages%2Fgravatars%2Fgravatar-user-420.png",
    "gravatar_id": "eca21e5e47811c60e03087fc311e1d29",
    "url": "https://api.github.com/users/heynemann",
    "html_url": "https://github.com/heynemann",
    "followers_url": "https://api.github.com/users/heynemann/followers",
    "following_url": "https://api.github.com/users/heynemann/following",
    "gists_url": "https://api.github.com/users/heynemann/gists{/gist_id}",
    "starred_url": "https://api.github.com/users/heynemann/starred{/owner}{/repo}",
    "subscriptions_url": "https://api.github.com/users/heynemann/subscriptions",
    "organizations_url": "https://api.github.com/users/heynemann/orgs",
    "repos_url": "https://api.github.com/users/heynemann/repos",
    "events_url": "https://api.github.com/users/heynemann/events{/privacy}",
    "received_events_url": "https://api.github.com/users/heynemann/received_events",
    "type": "User",
    "contributions": 1
  },
  {
    "login": "zhuzhuor",
    "id": 928905,
    "avatar_url": "https://secure.gravatar.com/avatar/f43311cbe81a17ccf3fa150a93cdaa4d?d=https://a248.e.akamai.net/assets.github.com%2Fimages%2Fgravatars%2Fgravatar-user-420.png",
    "gravatar_id": "f43311cbe81a17ccf3fa150a93cdaa4d",
    "url": "https://api.github.com/users/zhuzhuor",
    "html_url": "https://github.com/zhuzhuor",
    "followers_url": "https://api.github.com/users/zhuzhuor/followers",
    "following_url": "https://api.github.com/users/zhuzhuor/following",
    "gists_url": "https://api.github.com/users/zhuzhuor/gists{/gist_id}",
    "starred_url": "https://api.github.com/users/zhuzhuor/starred{/owner}{/repo}",
    "subscriptions_url": "https://api.github.com/users/zhuzhuor/subscriptions",
    "organizations_url": "https://api.github.com/users/zhuzhuor/orgs",
    "repos_url": "https://api.github.com/users/zhuzhuor/repos",
    "events_url": "https://api.github.com/users/zhuzhuor/events{/privacy}",
    "received_events_url": "https://api.github.com/users/zhuzhuor/received_events",
    "type": "User",
    "contributions": 1
  },
  {
    "login": "bickfordb",
    "id": 2729,
    "avatar_url": "https://secure.gravatar.com/avatar/22af2e9cbde8eb3d3558494edff58d36?d=https://a248.e.akamai.net/assets.github.com%2Fimages%2Fgravatars%2Fgravatar-user-420.png",
    "gravatar_id": "22af2e9cbde8eb3d3558494edff58d36",
    "url": "https://api.github.com/users/bickfordb",
    "html_url": "https://github.com/bickfordb",
    "followers_url": "https://api.github.com/users/bickfordb/followers",
    "following_url": "https://api.github.com/users/bickfordb/following",
    "gists_url": "https://api.github.com/users/bickfordb/gists{/gist_id}",
    "starred_url": "https://api.github.com/users/bickfordb/starred{/owner}{/repo}",
    "subscriptions_url": "https://api.github.com/users/bickfordb/subscriptions",
    "organizations_url": "https://api.github.com/users/bickfordb/orgs",
    "repos_url": "https://api.github.com/users/bickfordb/repos",
    "events_url": "https://api.github.com/users/bickfordb/events{/privacy}",
    "received_events_url": "https://api.github.com/users/bickfordb/received_events",
    "type": "User",
    "contributions": 1
  },
  {
    "login": "bwbeach",
    "id": 603739,
    "avatar_url": "https://secure.gravatar.com/avatar/87f28b03f94d4dee5425aa93ba38ab88?d=https://a248.e.akamai.net/assets.github.com%2Fimages%2Fgravatars%2Fgravatar-user-420.png",
    "gravatar_id": "87f28b03f94d4dee5425aa93ba38ab88",
    "url": "https://api.github.com/users/bwbeach",
    "html_url": "https://github.com/bwbeach",
    "followers_url": "https://api.github.com/users/bwbeach/followers",
    "following_url": "https://api.github.com/users/bwbeach/following",
    "gists_url": "https://api.github.com/users/bwbeach/gists{/gist_id}",
    "starred_url": "https://api.github.com/users/bwbeach/starred{/owner}{/repo}",
    "subscriptions_url": "https://api.github.com/users/bwbeach/subscriptions",
    "organizations_url": "https://api.github.com/users/bwbeach/orgs",
    "repos_url": "https://api.github.com/users/bwbeach/repos",
    "events_url": "https://api.github.com/users/bwbeach/events{/privacy}",
    "received_events_url": "https://api.github.com/users/bwbeach/received_events",
    "type": "User",
    "contributions": 1
  },
  {
    "login": "massless",
    "id": 44389,
    "avatar_url": "https://secure.gravatar.com/avatar/1766e390bbde1c9b253c6424a9e9fc7b?d=https://a248.e.akamai.net/assets.github.com%2Fimages%2Fgravatars%2Fgravatar-user-420.png",
    "gravatar_id": "1766e390bbde1c9b253c6424a9e9fc7b",
    "url": "https://api.github.com/users/massless",
    "html_url": "https://github.com/massless",
    "followers_url": "https://api.github.com/users/massless/followers",
    "following_url": "https://api.github.com/users/massless/following",
    "gists_url": "https://api.github.com/users/massless/gists{/gist_id}",
    "starred_url": "https://api.github.com/users/massless/starred{/owner}{/repo}",
    "subscriptions_url": "https://api.github.com/users/massless/subscriptions",
    "organizations_url": "https://api.github.com/users/massless/orgs",
    "repos_url": "https://api.github.com/users/massless/repos",
    "events_url": "https://api.github.com/users/massless/events{/privacy}",
    "received_events_url": "https://api.github.com/users/massless/received_events",
    "type": "User",
    "contributions": 1
  },
  {
    "login": "dlo",
    "id": 38447,
    "avatar_url": "https://secure.gravatar.com/avatar/bd0391d7225d10455d35de0fb5485bea?d=https://a248.e.akamai.net/assets.github.com%2Fimages%2Fgravatars%2Fgravatar-user-420.png",
    "gravatar_id": "bd0391d7225d10455d35de0fb5485bea",
    "url": "https://api.github.com/users/dlo",
    "html_url": "https://github.com/dlo",
    "followers_url": "https://api.github.com/users/dlo/followers",
    "following_url": "https://api.github.com/users/dlo/following",
    "gists_url": "https://api.github.com/users/dlo/gists{/gist_id}",
    "starred_url": "https://api.github.com/users/dlo/starred{/owner}{/repo}",
    "subscriptions_url": "https://api.github.com/users/dlo/subscriptions",
    "organizations_url": "https://api.github.com/users/dlo/orgs",
    "repos_url": "https://api.github.com/users/dlo/repos",
    "events_url": "https://api.github.com/users/dlo/events{/privacy}",
    "received_events_url": "https://api.github.com/users/dlo/received_events",
    "type": "User",
    "contributions": 1
  },
  {
    "login": "daharon",
    "id": 32561,
    "avatar_url": "https://secure.gravatar.com/avatar/6a3655f68210b4f065de0e2741ae62f2?d=https://a248.e.akamai.net/assets.github.com%2Fimages%2Fgravatars%2Fgravatar-user-420.png",
    "gravatar_id": "6a3655f68210b4f065de0e2741ae62f2",
    "url": "https://api.github.com/users/daharon",
    "html_url": "https://github.com/daharon",
    "followers_url": "https://api.github.com/users/daharon/followers",
    "following_url": "https://api.github.com/users/daharon/following",
    "gists_url": "https://api.github.com/users/daharon/gists{/gist_id}",
    "starred_url": "https://api.github.com/users/daharon/starred{/owner}{/repo}",
    "subscriptions_url": "https://api.github.com/users/daharon/subscriptions",
    "organizations_url": "https://api.github.com/users/daharon/orgs",
    "repos_url": "https://api.github.com/users/daharon/repos",
    "events_url": "https://api.github.com/users/daharon/events{/privacy}",
    "received_events_url": "https://api.github.com/users/daharon/received_events",
    "type": "User",
    "contributions": 1
  },
  {
    "login": "danielrobbins",
    "id": 963465,
    "avatar_url": "https://secure.gravatar.com/avatar/7490f23fe709b41d3be4f79549a679f8?d=https://a248.e.akamai.net/assets.github.com%2Fimages%2Fgravatars%2Fgravatar-user-420.png",
    "gravatar_id": "7490f23fe709b41d3be4f79549a679f8",
    "url": "https://api.github.com/users/danielrobbins",
    "html_url": "https://github.com/danielrobbins",
    "followers_url": "https://api.github.com/users/danielrobbins/followers",
    "following_url": "https://api.github.com/users/danielrobbins/following",
    "gists_url": "https://api.github.com/users/danielrobbins/gists{/gist_id}",
    "starred_url": "https://api.github.com/users/danielrobbins/starred{/owner}{/repo}",
    "subscriptions_url": "https://api.github.com/users/danielrobbins/subscriptions",
    "organizations_url": "https://api.github.com/users/danielrobbins/orgs",
    "repos_url": "https://api.github.com/users/danielrobbins/repos",
    "events_url": "https://api.github.com/users/danielrobbins/events{/privacy}",
    "received_events_url": "https://api.github.com/users/danielrobbins/received_events",
    "type": "User",
    "contributions": 1
  },
  {
    "login": "davidgaleano",
    "id": 46936,
    "avatar_url": "https://secure.gravatar.com/avatar/503f5adcfa1155523208fd5aaa08e0b9?d=https://a248.e.akamai.net/assets.github.com%2Fimages%2Fgravatars%2Fgravatar-user-420.png",
    "gravatar_id": "503f5adcfa1155523208fd5aaa08e0b9",
    "url": "https://api.github.com/users/davidgaleano",
    "html_url": "https://github.com/davidgaleano",
    "followers_url": "https://api.github.com/users/davidgaleano/followers",
    "following_url": "https://api.github.com/users/davidgaleano/following",
    "gists_url": "https://api.github.com/users/davidgaleano/gists{/gist_id}",
    "starred_url": "https://api.github.com/users/davidgaleano/starred{/owner}{/repo}",
    "subscriptions_url": "https://api.github.com/users/davidgaleano/subscriptions",
    "organizations_url": "https://api.github.com/users/davidgaleano/orgs",
    "repos_url": "https://api.github.com/users/davidgaleano/repos",
    "events_url": "https://api.github.com/users/davidgaleano/events{/privacy}",
    "received_events_url": "https://api.github.com/users/davidgaleano/received_events",
    "type": "User",
    "contributions": 1
  },
  {
    "login": "dpnova",
    "id": 229943,
    "avatar_url": "https://secure.gravatar.com/avatar/6dc8e7f5418988ab57886dcd2dae9b71?d=https://a248.e.akamai.net/assets.github.com%2Fimages%2Fgravatars%2Fgravatar-user-420.png",
    "gravatar_id": "6dc8e7f5418988ab57886dcd2dae9b71",
    "url": "https://api.github.com/users/dpnova",
    "html_url": "https://github.com/dpnova",
    "followers_url": "https://api.github.com/users/dpnova/followers",
    "following_url": "https://api.github.com/users/dpnova/following",
    "gists_url": "https://api.github.com/users/dpnova/gists{/gist_id}",
    "starred_url": "https://api.github.com/users/dpnova/starred{/owner}{/repo}",
    "subscriptions_url": "https://api.github.com/users/dpnova/subscriptions",
    "organizations_url": "https://api.github.com/users/dpnova/orgs",
    "repos_url": "https://api.github.com/users/dpnova/repos",
    "events_url": "https://api.github.com/users/dpnova/events{/privacy}",
    "received_events_url": "https://api.github.com/users/dpnova/received_events",
    "type": "User",
    "contributions": 1
  },
  {
    "login": "dmitric",
    "id": 201957,
    "avatar_url": "https://secure.gravatar.com/avatar/2e1cb4e1f8af2e7e68fd61c73975b68c?d=https://a248.e.akamai.net/assets.github.com%2Fimages%2Fgravatars%2Fgravatar-user-420.png",
    "gravatar_id": "2e1cb4e1f8af2e7e68fd61c73975b68c",
    "url": "https://api.github.com/users/dmitric",
    "html_url": "https://github.com/dmitric",
    "followers_url": "https://api.github.com/users/dmitric/followers",
    "following_url": "https://api.github.com/users/dmitric/following",
    "gists_url": "https://api.github.com/users/dmitric/gists{/gist_id}",
    "starred_url": "https://api.github.com/users/dmitric/starred{/owner}{/repo}",
    "subscriptions_url": "https://api.github.com/users/dmitric/subscriptions",
    "organizations_url": "https://api.github.com/users/dmitric/orgs",
    "repos_url": "https://api.github.com/users/dmitric/repos",
    "events_url": "https://api.github.com/users/dmitric/events{/privacy}",
    "received_events_url": "https://api.github.com/users/dmitric/received_events",
    "type": "User",
    "contributions": 1
  },
  {
    "login": "eden",
    "id": 7797,
    "avatar_url": "https://secure.gravatar.com/avatar/8bc543795b502900b5333aea73ad5533?d=https://a248.e.akamai.net/assets.github.com%2Fimages%2Fgravatars%2Fgravatar-user-420.png",
    "gravatar_id": "8bc543795b502900b5333aea73ad5533",
    "url": "https://api.github.com/users/eden",
    "html_url": "https://github.com/eden",
    "followers_url": "https://api.github.com/users/eden/followers",
    "following_url": "https://api.github.com/users/eden/following",
    "gists_url": "https://api.github.com/users/eden/gists{/gist_id}",
    "starred_url": "https://api.github.com/users/eden/starred{/owner}{/repo}",
    "subscriptions_url": "https://api.github.com/users/eden/subscriptions",
    "organizations_url": "https://api.github.com/users/eden/orgs",
    "repos_url": "https://api.github.com/users/eden/repos",
    "events_url": "https://api.github.com/users/eden/events{/privacy}",
    "received_events_url": "https://api.github.com/users/eden/received_events",
    "type": "User",
    "contributions": 1
  },
  {
    "login": "ewdurbin",
    "id": 1200832,
    "avatar_url": "https://secure.gravatar.com/avatar/7339287eb064c1a36448951a4bf32846?d=https://a248.e.akamai.net/assets.github.com%2Fimages%2Fgravatars%2Fgravatar-user-420.png",
    "gravatar_id": "7339287eb064c1a36448951a4bf32846",
    "url": "https://api.github.com/users/ewdurbin",
    "html_url": "https://github.com/ewdurbin",
    "followers_url": "https://api.github.com/users/ewdurbin/followers",
    "following_url": "https://api.github.com/users/ewdurbin/following",
    "gists_url": "https://api.github.com/users/ewdurbin/gists{/gist_id}",
    "starred_url": "https://api.github.com/users/ewdurbin/starred{/owner}{/repo}",
    "subscriptions_url": "https://api.github.com/users/ewdurbin/subscriptions",
    "organizations_url": "https://api.github.com/users/ewdurbin/orgs",
    "repos_url": "https://api.github.com/users/ewdurbin/repos",
    "events_url": "https://api.github.com/users/ewdurbin/events{/privacy}",
    "received_events_url": "https://api.github.com/users/ewdurbin/received_events",
    "type": "User",
    "contributions": 1
  },
  {
    "login": "felinx",
    "id": 127191,
    "avatar_url": "https://secure.gravatar.com/avatar/a84faeeca95117f4a74922131dbb97d9?d=https://a248.e.akamai.net/assets.github.com%2Fimages%2Fgravatars%2Fgravatar-user-420.png",
    "gravatar_id": "a84faeeca95117f4a74922131dbb97d9",
    "url": "https://api.github.com/users/felinx",
    "html_url": "https://github.com/felinx",
    "followers_url": "https://api.github.com/users/felinx/followers",
    "following_url": "https://api.github.com/users/felinx/following",
    "gists_url": "https://api.github.com/users/felinx/gists{/gist_id}",
    "starred_url": "https://api.github.com/users/felinx/starred{/owner}{/repo}",
    "subscriptions_url": "https://api.github.com/users/felinx/subscriptions",
    "organizations_url": "https://api.github.com/users/felinx/orgs",
    "repos_url": "https://api.github.com/users/felinx/repos",
    "events_url": "https://api.github.com/users/felinx/events{/privacy}",
    "received_events_url": "https://api.github.com/users/felinx/received_events",
    "type": "User",
    "contributions": 1
  },
  {
    "login": "gutomaia",
    "id": 153288,
    "avatar_url": "https://secure.gravatar.com/avatar/760d34405db2c028a3fb099a4510d870?d=https://a248.e.akamai.net/assets.github.com%2Fimages%2Fgravatars%2Fgravatar-user-420.png",
    "gravatar_id": "760d34405db2c028a3fb099a4510d870",
    "url": "https://api.github.com/users/gutomaia",
    "html_url": "https://github.com/gutomaia",
    "followers_url": "https://api.github.com/users/gutomaia/followers",
    "following_url": "https://api.github.com/users/gutomaia/following",
    "gists_url": "https://api.github.com/users/gutomaia/gists{/gist_id}",
    "starred_url": "https://api.github.com/users/gutomaia/starred{/owner}{/repo}",
    "subscriptions_url": "https://api.github.com/users/gutomaia/subscriptions",
    "organizations_url": "https://api.github.com/users/gutomaia/orgs",
    "repos_url": "https://api.github.com/users/gutomaia/repos",
    "events_url": "https://api.github.com/users/gutomaia/events{/privacy}",
    "received_events_url": "https://api.github.com/users/gutomaia/received_events",
    "type": "User",
    "contributions": 1
  },
  {
    "login": "nephics",
    "id": 419154,
    "avatar_url": "https://secure.gravatar.com/avatar/025ef311a0c8b0a2daceb451b7fd9f4a?d=https://a248.e.akamai.net/assets.github.com%2Fimages%2Fgravatars%2Fgravatar-user-420.png",
    "gravatar_id": "025ef311a0c8b0a2daceb451b7fd9f4a",
    "url": "https://api.github.com/users/nephics",
    "html_url": "https://github.com/nephics",
    "followers_url": "https://api.github.com/users/nephics/followers",
    "following_url": "https://api.github.com/users/nephics/following",
    "gists_url": "https://api.github.com/users/nephics/gists{/gist_id}",
    "starred_url": "https://api.github.com/users/nephics/starred{/owner}{/repo}",
    "subscriptions_url": "https://api.github.com/users/nephics/subscriptions",
    "organizations_url": "https://api.github.com/users/nephics/orgs",
    "repos_url": "https://api.github.com/users/nephics/repos",
    "events_url": "https://api.github.com/users/nephics/events{/privacy}",
    "received_events_url": "https://api.github.com/users/nephics/received_events",
    "type": "User",
    "contributions": 1
  },
  {
    "login": "phleet",
    "id": 150329,
    "avatar_url": "https://secure.gravatar.com/avatar/1822eb03e3cf318ec8a6c95c4e0d422a?d=https://a248.e.akamai.net/assets.github.com%2Fimages%2Fgravatars%2Fgravatar-user-420.png",
    "gravatar_id": "1822eb03e3cf318ec8a6c95c4e0d422a",
    "url": "https://api.github.com/users/phleet",
    "html_url": "https://github.com/phleet",
    "followers_url": "https://api.github.com/users/phleet/followers",
    "following_url": "https://api.github.com/users/phleet/following",
    "gists_url": "https://api.github.com/users/phleet/gists{/gist_id}",
    "starred_url": "https://api.github.com/users/phleet/starred{/owner}{/repo}",
    "subscriptions_url": "https://api.github.com/users/phleet/subscriptions",
    "organizations_url": "https://api.github.com/users/phleet/orgs",
    "repos_url": "https://api.github.com/users/phleet/repos",
    "events_url": "https://api.github.com/users/phleet/events{/privacy}",
    "received_events_url": "https://api.github.com/users/phleet/received_events",
    "type": "User",
    "contributions": 1
  },
  {
    "login": "jeffhodsdon",
    "id": 40832,
    "avatar_url": "https://secure.gravatar.com/avatar/21d86c0809022cf8b9d136233c584240?d=https://a248.e.akamai.net/assets.github.com%2Fimages%2Fgravatars%2Fgravatar-user-420.png",
    "gravatar_id": "21d86c0809022cf8b9d136233c584240",
    "url": "https://api.github.com/users/jeffhodsdon",
    "html_url": "https://github.com/jeffhodsdon",
    "followers_url": "https://api.github.com/users/jeffhodsdon/followers",
    "following_url": "https://api.github.com/users/jeffhodsdon/following",
    "gists_url": "https://api.github.com/users/jeffhodsdon/gists{/gist_id}",
    "starred_url": "https://api.github.com/users/jeffhodsdon/starred{/owner}{/repo}",
    "subscriptions_url": "https://api.github.com/users/jeffhodsdon/subscriptions",
    "organizations_url": "https://api.github.com/users/jeffhodsdon/orgs",
    "repos_url": "https://api.github.com/users/jeffhodsdon/repos",
    "events_url": "https://api.github.com/users/jeffhodsdon/events{/privacy}",
    "received_events_url": "https://api.github.com/users/jeffhodsdon/received_events",
    "type": "User",
    "contributions": 1
  },
  {
    "login": "jfisteus",
    "id": 912913,
    "avatar_url": "https://secure.gravatar.com/avatar/c1e4c9da52758acea2cb0a4e8ad256b2?d=https://a248.e.akamai.net/assets.github.com%2Fimages%2Fgravatars%2Fgravatar-user-420.png",
    "gravatar_id": "c1e4c9da52758acea2cb0a4e8ad256b2",
    "url": "https://api.github.com/users/jfisteus",
    "html_url": "https://github.com/jfisteus",
    "followers_url": "https://api.github.com/users/jfisteus/followers",
    "following_url": "https://api.github.com/users/jfisteus/following",
    "gists_url": "https://api.github.com/users/jfisteus/gists{/gist_id}",
    "starred_url": "https://api.github.com/users/jfisteus/starred{/owner}{/repo}",
    "subscriptions_url": "https://api.github.com/users/jfisteus/subscriptions",
    "organizations_url": "https://api.github.com/users/jfisteus/orgs",
    "repos_url": "https://api.github.com/users/jfisteus/repos",
    "events_url": "https://api.github.com/users/jfisteus/events{/privacy}",
    "received_events_url": "https://api.github.com/users/jfisteus/received_events",
    "type": "User",
    "contributions": 1
  },
  {
    "login": "fancycode",
    "id": 247730,
    "avatar_url": "https://secure.gravatar.com/avatar/49ea697a21cfaf1e93efa9db231f181d?d=https://a248.e.akamai.net/assets.github.com%2Fimages%2Fgravatars%2Fgravatar-user-420.png",
    "gravatar_id": "49ea697a21cfaf1e93efa9db231f181d",
    "url": "https://api.github.com/users/fancycode",
    "html_url": "https://github.com/fancycode",
    "followers_url": "https://api.github.com/users/fancycode/followers",
    "following_url": "https://api.github.com/users/fancycode/following",
    "gists_url": "https://api.github.com/users/fancycode/gists{/gist_id}",
    "starred_url": "https://api.github.com/users/fancycode/starred{/owner}{/repo}",
    "subscriptions_url": "https://api.github.com/users/fancycode/subscriptions",
    "organizations_url": "https://api.github.com/users/fancycode/orgs",
    "repos_url": "https://api.github.com/users/fancycode/repos",
    "events_url": "https://api.github.com/users/fancycode/events{/privacy}",
    "received_events_url": "https://api.github.com/users/fancycode/received_events",
    "type": "User",
    "contributions": 1
  },
  {
    "login": "ahassany",
    "id": 691424,
    "avatar_url": "https://secure.gravatar.com/avatar/9eb6f3f97c16a2b04c9411a0031b5d35?d=https://a248.e.akamai.net/assets.github.com%2Fimages%2Fgravatars%2Fgravatar-user-420.png",
    "gravatar_id": "9eb6f3f97c16a2b04c9411a0031b5d35",
    "url": "https://api.github.com/users/ahassany",
    "html_url": "https://github.com/ahassany",
    "followers_url": "https://api.github.com/users/ahassany/followers",
    "following_url": "https://api.github.com/users/ahassany/following",
    "gists_url": "https://api.github.com/users/ahassany/gists{/gist_id}",
    "starred_url": "https://api.github.com/users/ahassany/starred{/owner}{/repo}",
    "subscriptions_url": "https://api.github.com/users/ahassany/subscriptions",
    "organizations_url": "https://api.github.com/users/ahassany/orgs",
    "repos_url": "https://api.github.com/users/ahassany/repos",
    "events_url": "https://api.github.com/users/ahassany/events{/privacy}",
    "received_events_url": "https://api.github.com/users/ahassany/received_events",
    "type": "User",
    "contributions": 1
  },
  {
    "login": "jl",
    "id": 26446,
    "avatar_url": "https://secure.gravatar.com/avatar/76315a064002daebb55dc579fc314d66?d=https://a248.e.akamai.net/assets.github.com%2Fimages%2Fgravatars%2Fgravatar-user-420.png",
    "gravatar_id": "76315a064002daebb55dc579fc314d66",
    "url": "https://api.github.com/users/jl",
    "html_url": "https://github.com/jl",
    "followers_url": "https://api.github.com/users/jl/followers",
    "following_url": "https://api.github.com/users/jl/following",
    "gists_url": "https://api.github.com/users/jl/gists{/gist_id}",
    "starred_url": "https://api.github.com/users/jl/starred{/owner}{/repo}",
    "subscriptions_url": "https://api.github.com/users/jl/subscriptions",
    "organizations_url": "https://api.github.com/users/jl/orgs",
    "repos_url": "https://api.github.com/users/jl/repos",
    "events_url": "https://api.github.com/users/jl/events{/privacy}",
    "received_events_url": "https://api.github.com/users/jl/received_events",
    "type": "User",
    "contributions": 1
  },
  {
    "login": "justinrosenthal",
    "id": 804338,
    "avatar_url": "https://secure.gravatar.com/avatar/1eeb96d977addf40317dd8af1fbc0e75?d=https://a248.e.akamai.net/assets.github.com%2Fimages%2Fgravatars%2Fgravatar-user-420.png",
    "gravatar_id": "1eeb96d977addf40317dd8af1fbc0e75",
    "url": "https://api.github.com/users/justinrosenthal",
    "html_url": "https://github.com/justinrosenthal",
    "followers_url": "https://api.github.com/users/justinrosenthal/followers",
    "following_url": "https://api.github.com/users/justinrosenthal/following",
    "gists_url": "https://api.github.com/users/justinrosenthal/gists{/gist_id}",
    "starred_url": "https://api.github.com/users/justinrosenthal/starred{/owner}{/repo}",
    "subscriptions_url": "https://api.github.com/users/justinrosenthal/subscriptions",
    "organizations_url": "https://api.github.com/users/justinrosenthal/orgs",
    "repos_url": "https://api.github.com/users/justinrosenthal/repos",
    "events_url": "https://api.github.com/users/justinrosenthal/events{/privacy}",
    "received_events_url": "https://api.github.com/users/justinrosenthal/received_events",
    "type": "User",
    "contributions": 1
  },
  {
    "login": "jsamuel",
    "id": 1240282,
    "avatar_url": "https://secure.gravatar.com/avatar/bc1d195cedb959a3946572b08ce9e7c7?d=https://a248.e.akamai.net/assets.github.com%2Fimages%2Fgravatars%2Fgravatar-user-420.png",
    "gravatar_id": "bc1d195cedb959a3946572b08ce9e7c7",
    "url": "https://api.github.com/users/jsamuel",
    "html_url": "https://github.com/jsamuel",
    "followers_url": "https://api.github.com/users/jsamuel/followers",
    "following_url": "https://api.github.com/users/jsamuel/following",
    "gists_url": "https://api.github.com/users/jsamuel/gists{/gist_id}",
    "starred_url": "https://api.github.com/users/jsamuel/starred{/owner}{/repo}",
    "subscriptions_url": "https://api.github.com/users/jsamuel/subscriptions",
    "organizations_url": "https://api.github.com/users/jsamuel/orgs",
    "repos_url": "https://api.github.com/users/jsamuel/repos",
    "events_url": "https://api.github.com/users/jsamuel/events{/privacy}",
    "received_events_url": "https://api.github.com/users/jsamuel/received_events",
    "type": "User",
    "contributions": 1
  },
  {
    "login": "akrymski",
    "id": 435735,
    "avatar_url": "https://secure.gravatar.com/avatar/02bf641487a17d3219f5151573344520?d=https://a248.e.akamai.net/assets.github.com%2Fimages%2Fgravatars%2Fgravatar-user-420.png",
    "gravatar_id": "02bf641487a17d3219f5151573344520",
    "url": "https://api.github.com/users/akrymski",
    "html_url": "https://github.com/akrymski",
    "followers_url": "https://api.github.com/users/akrymski/followers",
    "following_url": "https://api.github.com/users/akrymski/following",
    "gists_url": "https://api.github.com/users/akrymski/gists{/gist_id}",
    "starred_url": "https://api.github.com/users/akrymski/starred{/owner}{/repo}",
    "subscriptions_url": "https://api.github.com/users/akrymski/subscriptions",
    "organizations_url": "https://api.github.com/users/akrymski/orgs",
    "repos_url": "https://api.github.com/users/akrymski/repos",
    "events_url": "https://api.github.com/users/akrymski/events{/privacy}",
    "received_events_url": "https://api.github.com/users/akrymski/received_events",
    "type": "User",
    "contributions": 1
  },
  {
    "login": "MartinMartimeo",
    "id": 241205,
    "avatar_url": "https://secure.gravatar.com/avatar/07241a0a9e918c90161f5209edd13629?d=https://a248.e.akamai.net/assets.github.com%2Fimages%2Fgravatars%2Fgravatar-user-420.png",
    "gravatar_id": "07241a0a9e918c90161f5209edd13629",
    "url": "https://api.github.com/users/MartinMartimeo",
    "html_url": "https://github.com/MartinMartimeo",
    "followers_url": "https://api.github.com/users/MartinMartimeo/followers",
    "following_url": "https://api.github.com/users/MartinMartimeo/following",
    "gists_url": "https://api.github.com/users/MartinMartimeo/gists{/gist_id}",
    "starred_url": "https://api.github.com/users/MartinMartimeo/starred{/owner}{/repo}",
    "subscriptions_url": "https://api.github.com/users/MartinMartimeo/subscriptions",
    "organizations_url": "https://api.github.com/users/MartinMartimeo/orgs",
    "repos_url": "https://api.github.com/users/MartinMartimeo/repos",
    "events_url": "https://api.github.com/users/MartinMartimeo/events{/privacy}",
    "received_events_url": "https://api.github.com/users/MartinMartimeo/received_events",
    "type": "User",
    "contributions": 1
  },
  {
    "login": "martynsmith",
    "id": 276501,
    "avatar_url": "https://secure.gravatar.com/avatar/04b02c3f659fab92c0972f5ec52329f7?d=https://a248.e.akamai.net/assets.github.com%2Fimages%2Fgravatars%2Fgravatar-user-420.png",
    "gravatar_id": "04b02c3f659fab92c0972f5ec52329f7",
    "url": "https://api.github.com/users/martynsmith",
    "html_url": "https://github.com/martynsmith",
    "followers_url": "https://api.github.com/users/martynsmith/followers",
    "following_url": "https://api.github.com/users/martynsmith/following",
    "gists_url": "https://api.github.com/users/martynsmith/gists{/gist_id}",
    "starred_url": "https://api.github.com/users/martynsmith/starred{/owner}{/repo}",
    "subscriptions_url": "https://api.github.com/users/martynsmith/subscriptions",
    "organizations_url": "https://api.github.com/users/martynsmith/orgs",
    "repos_url": "https://api.github.com/users/martynsmith/repos",
    "events_url": "https://api.github.com/users/martynsmith/events{/privacy}",
    "received_events_url": "https://api.github.com/users/martynsmith/received_events",
    "type": "User",
    "contributions": 1
  },
  {
    "login": "mdg",
    "id": 6962,
    "avatar_url": "https://secure.gravatar.com/avatar/b32eda06222421a3e0f0fe07194b4919?d=https://a248.e.akamai.net/assets.github.com%2Fimages%2Fgravatars%2Fgravatar-user-420.png",
    "gravatar_id": "b32eda06222421a3e0f0fe07194b4919",
    "url": "https://api.github.com/users/mdg",
    "html_url": "https://github.com/mdg",
    "followers_url": "https://api.github.com/users/mdg/followers",
    "following_url": "https://api.github.com/users/mdg/following",
    "gists_url": "https://api.github.com/users/mdg/gists{/gist_id}",
    "starred_url": "https://api.github.com/users/mdg/starred{/owner}{/repo}",
    "subscriptions_url": "https://api.github.com/users/mdg/subscriptions",
    "organizations_url": "https://api.github.com/users/mdg/orgs",
    "repos_url": "https://api.github.com/users/mdg/repos",
    "events_url": "https://api.github.com/users/mdg/events{/privacy}",
    "received_events_url": "https://api.github.com/users/mdg/received_events",
    "type": "User",
    "contributions": 1
  },
  {
    "login": "mleonhard",
    "id": 520739,
    "avatar_url": "https://secure.gravatar.com/avatar/e30f0de5a36e873da6a763b05167973c?d=https://a248.e.akamai.net/assets.github.com%2Fimages%2Fgravatars%2Fgravatar-user-420.png",
    "gravatar_id": "e30f0de5a36e873da6a763b05167973c",
    "url": "https://api.github.com/users/mleonhard",
    "html_url": "https://github.com/mleonhard",
    "followers_url": "https://api.github.com/users/mleonhard/followers",
    "following_url": "https://api.github.com/users/mleonhard/following",
    "gists_url": "https://api.github.com/users/mleonhard/gists{/gist_id}",
    "starred_url": "https://api.github.com/users/mleonhard/starred{/owner}{/repo}",
    "subscriptions_url": "https://api.github.com/users/mleonhard/subscriptions",
    "organizations_url": "https://api.github.com/users/mleonhard/orgs",
    "repos_url": "https://api.github.com/users/mleonhard/repos",
    "events_url": "https://api.github.com/users/mleonhard/events{/privacy}",
    "received_events_url": "https://api.github.com/users/mleonhard/received_events",
    "type": "User",
    "contributions": 1
  },
  {
    "login": "mcella",
    "id": 559745,
    "avatar_url": "https://secure.gravatar.com/avatar/4eca5b168cd24277f19eb0c4230b914e?d=https://a248.e.akamai.net/assets.github.com%2Fimages%2Fgravatars%2Fgravatar-user-420.png",
    "gravatar_id": "4eca5b168cd24277f19eb0c4230b914e",
    "url": "https://api.github.com/users/mcella",
    "html_url": "https://github.com/mcella",
    "followers_url": "https://api.github.com/users/mcella/followers",
    "following_url": "https://api.github.com/users/mcella/following",
    "gists_url": "https://api.github.com/users/mcella/gists{/gist_id}",
    "starred_url": "https://api.github.com/users/mcella/starred{/owner}{/repo}",
    "subscriptions_url": "https://api.github.com/users/mcella/subscriptions",
    "organizations_url": "https://api.github.com/users/mcella/orgs",
    "repos_url": "https://api.github.com/users/mcella/repos",
    "events_url": "https://api.github.com/users/mcella/events{/privacy}",
    "received_events_url": "https://api.github.com/users/mcella/received_events",
    "type": "User",
    "contributions": 1
  },
  {
    "login": "mikejthompson",
    "id": 440856,
    "avatar_url": "https://secure.gravatar.com/avatar/ce240bc9dd33de3d53cdf55c287e9e9e?d=https://a248.e.akamai.net/assets.github.com%2Fimages%2Fgravatars%2Fgravatar-user-420.png",
    "gravatar_id": "ce240bc9dd33de3d53cdf55c287e9e9e",
    "url": "https://api.github.com/users/mikejthompson",
    "html_url": "https://github.com/mikejthompson",
    "followers_url": "https://api.github.com/users/mikejthompson/followers",
    "following_url": "https://api.github.com/users/mikejthompson/following",
    "gists_url": "https://api.github.com/users/mikejthompson/gists{/gist_id}",
    "starred_url": "https://api.github.com/users/mikejthompson/starred{/owner}{/repo}",
    "subscriptions_url": "https://api.github.com/users/mikejthompson/subscriptions",
    "organizations_url": "https://api.github.com/users/mikejthompson/orgs",
    "repos_url": "https://api.github.com/users/mikejthompson/repos",
    "events_url": "https://api.github.com/users/mikejthompson/events{/privacy}",
    "received_events_url": "https://api.github.com/users/mikejthompson/received_events",
    "type": "User",
    "contributions": 1
  },
  {
    "login": "kmike",
    "id": 107893,
    "avatar_url": "https://secure.gravatar.com/avatar/3e9dc491607f52141897a765eaab25e4?d=https://a248.e.akamai.net/assets.github.com%2Fimages%2Fgravatars%2Fgravatar-user-420.png",
    "gravatar_id": "3e9dc491607f52141897a765eaab25e4",
    "url": "https://api.github.com/users/kmike",
    "html_url": "https://github.com/kmike",
    "followers_url": "https://api.github.com/users/kmike/followers",
    "following_url": "https://api.github.com/users/kmike/following",
    "gists_url": "https://api.github.com/users/kmike/gists{/gist_id}",
    "starred_url": "https://api.github.com/users/kmike/starred{/owner}{/repo}",
    "subscriptions_url": "https://api.github.com/users/kmike/subscriptions",
    "organizations_url": "https://api.github.com/users/kmike/orgs",
    "repos_url": "https://api.github.com/users/kmike/repos",
    "events_url": "https://api.github.com/users/kmike/events{/privacy}",
    "received_events_url": "https://api.github.com/users/kmike/received_events",
    "type": "User",
    "contributions": 1
  },
  {
    "login": "pablopda",
    "id": 1053148,
    "avatar_url": "https://secure.gravatar.com/avatar/209f5160135dfdfbe00f88e85c9fab4c?d=https://a248.e.akamai.net/assets.github.com%2Fimages%2Fgravatars%2Fgravatar-user-420.png",
    "gravatar_id": "209f5160135dfdfbe00f88e85c9fab4c",
    "url": "https://api.github.com/users/pablopda",
    "html_url": "https://github.com/pablopda",
    "followers_url": "https://api.github.com/users/pablopda/followers",
    "following_url": "https://api.github.com/users/pablopda/following",
    "gists_url": "https://api.github.com/users/pablopda/gists{/gist_id}",
    "starred_url": "https://api.github.com/users/pablopda/starred{/owner}{/repo}",
    "subscriptions_url": "https://api.github.com/users/pablopda/subscriptions",
    "organizations_url": "https://api.github.com/users/pablopda/orgs",
    "repos_url": "https://api.github.com/users/pablopda/repos",
    "events_url": "https://api.github.com/users/pablopda/events{/privacy}",
    "received_events_url": "https://api.github.com/users/pablopda/received_events",
    "type": "User",
    "contributions": 1
  },
  {
    "login": "swies",
    "id": 58746,
    "avatar_url": "https://secure.gravatar.com/avatar/f04afe092736665a6b021c017a2c5e4e?d=https://a248.e.akamai.net/assets.github.com%2Fimages%2Fgravatars%2Fgravatar-user-420.png",
    "gravatar_id": "f04afe092736665a6b021c017a2c5e4e",
    "url": "https://api.github.com/users/swies",
    "html_url": "https://github.com/swies",
    "followers_url": "https://api.github.com/users/swies/followers",
    "following_url": "https://api.github.com/users/swies/following",
    "gists_url": "https://api.github.com/users/swies/gists{/gist_id}",
    "starred_url": "https://api.github.com/users/swies/starred{/owner}{/repo}",
    "subscriptions_url": "https://api.github.com/users/swies/subscriptions",
    "organizations_url": "https://api.github.com/users/swies/orgs",
    "repos_url": "https://api.github.com/users/swies/repos",
    "events_url": "https://api.github.com/users/swies/events{/privacy}",
    "received_events_url": "https://api.github.com/users/swies/received_events",
    "type": "User",
    "contributions": 1
  },
  {
    "login": "raullenchai",
    "id": 989846,
    "avatar_url": "https://secure.gravatar.com/avatar/ba7670e3f5bccbbad426c1e0aa634ca6?d=https://a248.e.akamai.net/assets.github.com%2Fimages%2Fgravatars%2Fgravatar-user-420.png",
    "gravatar_id": "ba7670e3f5bccbbad426c1e0aa634ca6",
    "url": "https://api.github.com/users/raullenchai",
    "html_url": "https://github.com/raullenchai",
    "followers_url": "https://api.github.com/users/raullenchai/followers",
    "following_url": "https://api.github.com/users/raullenchai/following",
    "gists_url": "https://api.github.com/users/raullenchai/gists{/gist_id}",
    "starred_url": "https://api.github.com/users/raullenchai/starred{/owner}{/repo}",
    "subscriptions_url": "https://api.github.com/users/raullenchai/subscriptions",
    "organizations_url": "https://api.github.com/users/raullenchai/orgs",
    "repos_url": "https://api.github.com/users/raullenchai/repos",
    "events_url": "https://api.github.com/users/raullenchai/events{/privacy}",
    "received_events_url": "https://api.github.com/users/raullenchai/received_events",
    "type": "User",
    "contributions": 1
  },
  {
    "login": "rhettg",
    "id": 50074,
    "avatar_url": "https://secure.gravatar.com/avatar/253ab11596a72ab4b63cdfb2a96db7bb?d=https://a248.e.akamai.net/assets.github.com%2Fimages%2Fgravatars%2Fgravatar-user-420.png",
    "gravatar_id": "253ab11596a72ab4b63cdfb2a96db7bb",
    "url": "https://api.github.com/users/rhettg",
    "html_url": "https://github.com/rhettg",
    "followers_url": "https://api.github.com/users/rhettg/followers",
    "following_url": "https://api.github.com/users/rhettg/following",
    "gists_url": "https://api.github.com/users/rhettg/gists{/gist_id}",
    "starred_url": "https://api.github.com/users/rhettg/starred{/owner}{/repo}",
    "subscriptions_url": "https://api.github.com/users/rhettg/subscriptions",
    "organizations_url": "https://api.github.com/users/rhettg/orgs",
    "repos_url": "https://api.github.com/users/rhettg/repos",
    "events_url": "https://api.github.com/users/rhettg/events{/privacy}",
    "received_events_url": "https://api.github.com/users/rhettg/received_events",
    "type": "User",
    "contributions": 1
  },
  {
    "login": "ajdavis",
    "id": 84101,
    "avatar_url": "https://secure.gravatar.com/avatar/71d2335656e01d356d0424555817ab21?d=https://a248.e.akamai.net/assets.github.com%2Fimages%2Fgravatars%2Fgravatar-user-420.png",
    "gravatar_id": "71d2335656e01d356d0424555817ab21",
    "url": "https://api.github.com/users/ajdavis",
    "html_url": "https://github.com/ajdavis",
    "followers_url": "https://api.github.com/users/ajdavis/followers",
    "following_url": "https://api.github.com/users/ajdavis/following",
    "gists_url": "https://api.github.com/users/ajdavis/gists{/gist_id}",
    "starred_url": "https://api.github.com/users/ajdavis/starred{/owner}{/repo}",
    "subscriptions_url": "https://api.github.com/users/ajdavis/subscriptions",
    "organizations_url": "https://api.github.com/users/ajdavis/orgs",
    "repos_url": "https://api.github.com/users/ajdavis/repos",
    "events_url": "https://api.github.com/users/ajdavis/events{/privacy}",
    "received_events_url": "https://api.github.com/users/ajdavis/received_events",
    "type": "User",
    "contributions": 1
  },
  {
    "login": "slay2k",
    "id": 225008,
    "avatar_url": "https://secure.gravatar.com/avatar/daf51928405aea9d622c7186c6e3bf79?d=https://a248.e.akamai.net/assets.github.com%2Fimages%2Fgravatars%2Fgravatar-user-420.png",
    "gravatar_id": "daf51928405aea9d622c7186c6e3bf79",
    "url": "https://api.github.com/users/slay2k",
    "html_url": "https://github.com/slay2k",
    "followers_url": "https://api.github.com/users/slay2k/followers",
    "following_url": "https://api.github.com/users/slay2k/following",
    "gists_url": "https://api.github.com/users/slay2k/gists{/gist_id}",
    "starred_url": "https://api.github.com/users/slay2k/starred{/owner}{/repo}",
    "subscriptions_url": "https://api.github.com/users/slay2k/subscriptions",
    "organizations_url": "https://api.github.com/users/slay2k/orgs",
    "repos_url": "https://api.github.com/users/slay2k/repos",
    "events_url": "https://api.github.com/users/slay2k/events{/privacy}",
    "received_events_url": "https://api.github.com/users/slay2k/received_events",
    "type": "User",
    "contributions": 1
  },
  {
    "login": "screeley",
    "id": 92964,
    "avatar_url": "https://secure.gravatar.com/avatar/b8c7c9368a3ca878913d62e5620631c9?d=https://a248.e.akamai.net/assets.github.com%2Fimages%2Fgravatars%2Fgravatar-user-420.png",
    "gravatar_id": "b8c7c9368a3ca878913d62e5620631c9",
    "url": "https://api.github.com/users/screeley",
    "html_url": "https://github.com/screeley",
    "followers_url": "https://api.github.com/users/screeley/followers",
    "following_url": "https://api.github.com/users/screeley/following",
    "gists_url": "https://api.github.com/users/screeley/gists{/gist_id}",
    "starred_url": "https://api.github.com/users/screeley/starred{/owner}{/repo}",
    "subscriptions_url": "https://api.github.com/users/screeley/subscriptions",
    "organizations_url": "https://api.github.com/users/screeley/orgs",
    "repos_url": "https://api.github.com/users/screeley/repos",
    "events_url": "https://api.github.com/users/screeley/events{/privacy}",
    "received_events_url": "https://api.github.com/users/screeley/received_events",
    "type": "User",
    "contributions": 1
  },
  {
    "login": "thomie",
    "id": 157521,
    "avatar_url": "https://secure.gravatar.com/avatar/14e486867defc84340f1837639ca54ee?d=https://a248.e.akamai.net/assets.github.com%2Fimages%2Fgravatars%2Fgravatar-user-420.png",
    "gravatar_id": "14e486867defc84340f1837639ca54ee",
    "url": "https://api.github.com/users/thomie",
    "html_url": "https://github.com/thomie",
    "followers_url": "https://api.github.com/users/thomie/followers",
    "following_url": "https://api.github.com/users/thomie/following",
    "gists_url": "https://api.github.com/users/thomie/gists{/gist_id}",
    "starred_url": "https://api.github.com/users/thomie/starred{/owner}{/repo}",
    "subscriptions_url": "https://api.github.com/users/thomie/subscriptions",
    "organizations_url": "https://api.github.com/users/thomie/orgs",
    "repos_url": "https://api.github.com/users/thomie/repos",
    "events_url": "https://api.github.com/users/thomie/events{/privacy}",
    "received_events_url": "https://api.github.com/users/thomie/received_events",
    "type": "User",
    "contributions": 1
  },
  {
    "login": "vadimg",
    "id": 618662,
    "avatar_url": "https://secure.gravatar.com/avatar/997f0b806705c939d44ccd1fe8a059e3?d=https://a248.e.akamai.net/assets.github.com%2Fimages%2Fgravatars%2Fgravatar-user-420.png",
    "gravatar_id": "997f0b806705c939d44ccd1fe8a059e3",
    "url": "https://api.github.com/users/vadimg",
    "html_url": "https://github.com/vadimg",
    "followers_url": "https://api.github.com/users/vadimg/followers",
    "following_url": "https://api.github.com/users/vadimg/following",
    "gists_url": "https://api.github.com/users/vadimg/gists{/gist_id}",
    "starred_url": "https://api.github.com/users/vadimg/starred{/owner}{/repo}",
    "subscriptions_url": "https://api.github.com/users/vadimg/subscriptions",
    "organizations_url": "https://api.github.com/users/vadimg/orgs",
    "repos_url": "https://api.github.com/users/vadimg/repos",
    "events_url": "https://api.github.com/users/vadimg/events{/privacy}",
    "received_events_url": "https://api.github.com/users/vadimg/received_events",
    "type": "User",
    "contributions": 1
  },
  {
    "login": "WGH-",
    "id": 1099351,
    "avatar_url": "https://secure.gravatar.com/avatar/35122322d66164b170ef5c1b20ef99d1?d=https://a248.e.akamai.net/assets.github.com%2Fimages%2Fgravatars%2Fgravatar-user-420.png",
    "gravatar_id": "35122322d66164b170ef5c1b20ef99d1",
    "url": "https://api.github.com/users/WGH-",
    "html_url": "https://github.com/WGH-",
    "followers_url": "https://api.github.com/users/WGH-/followers",
    "following_url": "https://api.github.com/users/WGH-/following",
    "gists_url": "https://api.github.com/users/WGH-/gists{/gist_id}",
    "starred_url": "https://api.github.com/users/WGH-/starred{/owner}{/repo}",
    "subscriptions_url": "https://api.github.com/users/WGH-/subscriptions",
    "organizations_url": "https://api.github.com/users/WGH-/orgs",
    "repos_url": "https://api.github.com/users/WGH-/repos",
    "events_url": "https://api.github.com/users/WGH-/events{/privacy}",
    "received_events_url": "https://api.github.com/users/WGH-/received_events",
    "type": "User",
    "contributions": 1
  },
  {
    "login": "wsantos",
    "id": 164633,
    "avatar_url": "https://secure.gravatar.com/avatar/12baf8eb415a87893b1ac57545f996b9?d=https://a248.e.akamai.net/assets.github.com%2Fimages%2Fgravatars%2Fgravatar-user-420.png",
    "gravatar_id": "12baf8eb415a87893b1ac57545f996b9",
    "url": "https://api.github.com/users/wsantos",
    "html_url": "https://github.com/wsantos",
    "followers_url": "https://api.github.com/users/wsantos/followers",
    "following_url": "https://api.github.com/users/wsantos/following",
    "gists_url": "https://api.github.com/users/wsantos/gists{/gist_id}",
    "starred_url": "https://api.github.com/users/wsantos/starred{/owner}{/repo}",
    "subscriptions_url": "https://api.github.com/users/wsantos/subscriptions",
    "organizations_url": "https://api.github.com/users/wsantos/orgs",
    "repos_url": "https://api.github.com/users/wsantos/repos",
    "events_url": "https://api.github.com/users/wsantos/events{/privacy}",
    "received_events_url": "https://api.github.com/users/wsantos/received_events",
    "type": "User",
    "contributions": 1
  },
  {
    "login": "wojciechpolak",
    "id": 65969,
    "avatar_url": "https://secure.gravatar.com/avatar/ab6b83f652dc0ce5058be8d3659f7414?d=https://a248.e.akamai.net/assets.github.com%2Fimages%2Fgravatars%2Fgravatar-user-420.png",
    "gravatar_id": "ab6b83f652dc0ce5058be8d3659f7414",
    "url": "https://api.github.com/users/wojciechpolak",
    "html_url": "https://github.com/wojciechpolak",
    "followers_url": "https://api.github.com/users/wojciechpolak/followers",
    "following_url": "https://api.github.com/users/wojciechpolak/following",
    "gists_url": "https://api.github.com/users/wojciechpolak/gists{/gist_id}",
    "starred_url": "https://api.github.com/users/wojciechpolak/starred{/owner}{/repo}",
    "subscriptions_url": "https://api.github.com/users/wojciechpolak/subscriptions",
    "organizations_url": "https://api.github.com/users/wojciechpolak/orgs",
    "repos_url": "https://api.github.com/users/wojciechpolak/repos",
    "events_url": "https://api.github.com/users/wojciechpolak/events{/privacy}",
    "received_events_url": "https://api.github.com/users/wojciechpolak/received_events",
    "type": "User",
    "contributions": 1
  },
  {
    "login": "ysimonson",
    "id": 127386,
    "avatar_url": "https://secure.gravatar.com/avatar/860c1bf8d958c8eb8d4ba2607b313093?d=https://a248.e.akamai.net/assets.github.com%2Fimages%2Fgravatars%2Fgravatar-user-420.png",
    "gravatar_id": "860c1bf8d958c8eb8d4ba2607b313093",
    "url": "https://api.github.com/users/ysimonson",
    "html_url": "https://github.com/ysimonson",
    "followers_url": "https://api.github.com/users/ysimonson/followers",
    "following_url": "https://api.github.com/users/ysimonson/following",
    "gists_url": "https://api.github.com/users/ysimonson/gists{/gist_id}",
    "starred_url": "https://api.github.com/users/ysimonson/starred{/owner}{/repo}",
    "subscriptions_url": "https://api.github.com/users/ysimonson/subscriptions",
    "organizations_url": "https://api.github.com/users/ysimonson/orgs",
    "repos_url": "https://api.github.com/users/ysimonson/repos",
    "events_url": "https://api.github.com/users/ysimonson/events{/privacy}",
    "received_events_url": "https://api.github.com/users/ysimonson/received_events",
    "type": "User",
    "contributions": 1
  },
  {
    "login": "tomhsx",
    "id": 313932,
    "avatar_url": "https://secure.gravatar.com/avatar/fc8296edcfe8d917824e7e7a497390ff?d=https://a248.e.akamai.net/assets.github.com%2Fimages%2Fgravatars%2Fgravatar-user-420.png",
    "gravatar_id": "fc8296edcfe8d917824e7e7a497390ff",
    "url": "https://api.github.com/users/tomhsx",
    "html_url": "https://github.com/tomhsx",
    "followers_url": "https://api.github.com/users/tomhsx/followers",
    "following_url": "https://api.github.com/users/tomhsx/following",
    "gists_url": "https://api.github.com/users/tomhsx/gists{/gist_id}",
    "starred_url": "https://api.github.com/users/tomhsx/starred{/owner}{/repo}",
    "subscriptions_url": "https://api.github.com/users/tomhsx/subscriptions",
    "organizations_url": "https://api.github.com/users/tomhsx/orgs",
    "repos_url": "https://api.github.com/users/tomhsx/repos",
    "events_url": "https://api.github.com/users/tomhsx/events{/privacy}",
    "received_events_url": "https://api.github.com/users/tomhsx/received_events",
    "type": "User",
    "contributions": 1
  }
]
